#
# A fatal error has been detected by the Java Runtime Environment:
#
#  SIGSEGV (0xb) at pc=0x00007f8ba105b17a, pid=17298, tid=140236895385344
#
# JRE version: OpenJDK Runtime Environment (7.0_85-b01) (build 1.7.0_85-b01)
# Java VM: OpenJDK 64-Bit Server VM (24.85-b03 mixed mode linux-amd64 compressed oops)
# Derivative: IcedTea 2.6.1
# Distribution: Ubuntu 14.04 LTS, package 7u85-2.6.1-5ubuntu0.14.04.1
# Problematic frame:
# v  ~BufferBlob::jni_fast_GetLongField
#
# Failed to write core dump. Core dumps have been disabled. To enable core dumping, try "ulimit -c unlimited" before starting Java again
#
# If you would like to submit a bug report, please include
# instructions on how to reproduce the bug and visit:
#   http://icedtea.classpath.org/bugzilla
# The crash happened outside the Java Virtual Machine in native code.
# See problematic frame for where to report the bug.
#

---------------  T H R E A D  ---------------

Current thread (0x00007f8ba4206000):  JavaThread "AWT-XAWT" daemon [_thread_in_native, id=17316, stack(0x00007f8b72457000,0x00007f8b72558000)]

siginfo:si_signo=SIGSEGV: si_errno=0, si_code=1 (SEGV_MAPERR), si_addr=0x0000000000000000

Registers:
RAX=0x00007f8bad2d8140, RBX=0x00007f8ba42061d8, RCX=0x00007f8bad74f320, RDX=0x0000000000000042
RSP=0x00007f8b725567f8, RBP=0x00007f8b72556820, RSI=0x0000000000000000, RDI=0x00007f8ba42061d8
R8 =0x0000000000000003, R9 =0x0000000000000000, R10=0x0000000000000004, R11=0x00007f8bacd74f50
R12=0x00007f8b5c007820, R13=0x0000000000000000, R14=0x00007f8b7bd2dd80, R15=0x00007f8ba4206000
RIP=0x00007f8ba105b17a, EFLAGS=0x0000000000010246, CSGSFS=0x0000000000000033, ERR=0x0000000000000004
  TRAPNO=0x000000000000000e

Top of Stack: (sp=0x00007f8b725567f8)
0x00007f8b725567f8:   00007f8b7baff714 00000000cc3f9e78
0x00007f8b72556808:   00007f8b5c007820 00000000cc3f9e78
0x00007f8b72556818:   00007f8b72556908 0000000000000000
0x00007f8b72556828:   00007f8b7b5fdae8 00000000cc3f9e78
0x00007f8b72556838:   00007f8b72556860 0000000000000000
0x00007f8b72556848:   00007f8b7b5f59a3 00000000cc3f9e78
0x00007f8b72556858:   00007f8b7baf422f 00007f8b725568d0
0x00007f8b72556868:   00007f8ba10127f8 00007f8ba1006233
0x00007f8b72556878:   0000000000000000 00000000f22be550
0x00007f8b72556888:   0000000000000000 00007f8b72556890
0x00007f8b72556898:   0000000000000000 00007f8b72556908
0x00007f8b725568a8:   00000000cc400000 0000000000000000
0x00007f8b725568b8:   00000000cc3f9e78 0000000000000000
0x00007f8b725568c8:   00007f8b725568f0 00007f8b72556950
0x00007f8b725568d8:   00007f8ba1006350 00000000f2270da0
0x00007f8b725568e8:   00007f8ba100ecc0 0000000000000000
0x00007f8b725568f8:   00007f8b72556950 00007f8b64000db0
0x00007f8b72556908:   00000000f22f5ee8 00007f8b72556910
0x00007f8b72556918:   00000000cc55962c 00007f8b72556998
0x00007f8b72556928:   00000000cc566208 00000000ccbae5d8
0x00007f8b72556938:   00000000cc5597c0 00007f8b725568f0
0x00007f8b72556948:   00007f8b72556990 00007f8b725569e0
0x00007f8b72556958:   00007f8ba1006058 0000000000000000
0x00007f8b72556968:   0000000000000000 0000000000000000
0x00007f8b72556978:   0000000000000000 0000000000000000
0x00007f8b72556988:   00000000f22f5ee8 deaddeaf00000000
0x00007f8b72556998:   00000000f22beef0 00007f8b725569a0
0x00007f8b725569a8:   00000000cc559425 00007f8b725569f0
0x00007f8b725569b8:   00000000cc566208 0000000000000000
0x00007f8b725569c8:   00000000cc559440 00007f8b72556990
0x00007f8b725569d8:   00007f8b725569f0 00007f8b72556a38
0x00007f8b725569e8:   00007f8ba1006706 00000000f22beef0 

Instructions: (pc=0x00007f8ba105b17a)
0x00007f8ba105b15a:   00 00 00 00 00 00 44 8b 15 3d 78 2a 0c 4c 8b ce
0x00007f8ba105b16a:   41 f6 c2 01 0f 85 2e 00 00 00 4d 33 ca 4d 33 ca
0x00007f8ba105b17a:   4d 8b 09 4c 8b da 49 c1 eb 02 4b 8b 04 19 49 bb
0x00007f8ba105b18a:   a4 29 30 ad 8b 7f 00 00 4c 33 d8 4c 33 d8 45 3b 

Register to memory mapping:

RAX=0x00007f8bad2d8140: <offset 0xdc9140> in /usr/lib/jvm/java-7-openjdk-amd64/jre/lib/amd64/server/libjvm.so at 0x00007f8bac50f000
RBX=0x00007f8ba42061d8 is an unknown value
RCX=0x00007f8bad74f320: <offset 0x219320> in /lib/x86_64-linux-gnu/libpthread.so.0 at 0x00007f8bad536000
RDX=0x0000000000000042 is an unknown value
RSP=0x00007f8b725567f8 is pointing into the stack for thread: 0x00007f8ba4206000
RBP=0x00007f8b72556820 is pointing into the stack for thread: 0x00007f8ba4206000
RSI=0x0000000000000000 is an unknown value
RDI=0x00007f8ba42061d8 is an unknown value
R8 =0x0000000000000003 is an unknown value
R9 =0x0000000000000000 is an unknown value
R10=0x0000000000000004 is an unknown value
R11=0x00007f8bacd74f50: <offset 0x865f50> in /usr/lib/jvm/java-7-openjdk-amd64/jre/lib/amd64/server/libjvm.so at 0x00007f8bac50f000
R12=0x00007f8b5c007820 is an unknown value
R13=0x0000000000000000 is an unknown value
R14=0x00007f8b7bd2dd80: <offset 0x24ad80> in /usr/lib/jvm/java-7-openjdk-amd64/jre/lib/amd64/xawt/libmawt.so at 0x00007f8b7bae3000
R15=0x00007f8ba4206000 is a thread


Stack: [0x00007f8b72457000,0x00007f8b72558000],  sp=0x00007f8b725567f8,  free space=1021k
Native frames: (J=compiled Java code, j=interpreted, Vv=VM code, C=native code)
v  ~BufferBlob::jni_fast_GetLongField

Java frames: (J=compiled Java code, j=interpreted, Vv=VM code)
j  sun.awt.X11.XlibWrapper.XFilterEvent(JJ)Z+0
j  sun.awt.X11.XToolkit.run(Z)V+300
j  sun.awt.X11.XToolkit.run()V+5
j  java.lang.Thread.run()V+11
v  ~StubRoutines::call_stub

---------------  P R O C E S S  ---------------

Java Threads: ( => current thread )
  0x00007f8b5c011000 JavaThread "TimerQueue" daemon [_thread_blocked, id=17320, stack(0x00007f8b71ad5000,0x00007f8b71bd6000)]
  0x00007f8ba400a000 JavaThread "DestroyJavaVM" [_thread_blocked, id=17302, stack(0x00007f8bae030000,0x00007f8bae131000)]
  0x00007f8b64005800 JavaThread "AWT-EventQueue-0" [_thread_blocked, id=17319, stack(0x00007f8b71bd6000,0x00007f8b71cd7000)]
  0x00007f8ba4305000 JavaThread "AWT-Shutdown" [_thread_blocked, id=17318, stack(0x00007f8b71cd7000,0x00007f8b71dd8000)]
=>0x00007f8ba4206000 JavaThread "AWT-XAWT" daemon [_thread_in_native, id=17316, stack(0x00007f8b72457000,0x00007f8b72558000)]
  0x00007f8ba41e1800 JavaThread "Java2D Disposer" daemon [_thread_blocked, id=17315, stack(0x00007f8b72968000,0x00007f8b72a69000)]
  0x00007f8ba40ac000 JavaThread "Service Thread" daemon [_thread_blocked, id=17313, stack(0x00007f8ba0116000,0x00007f8ba0217000)]
  0x00007f8ba40a9800 JavaThread "C2 CompilerThread1" daemon [_thread_blocked, id=17312, stack(0x00007f8ba0217000,0x00007f8ba0318000)]
  0x00007f8ba40a6800 JavaThread "C2 CompilerThread0" daemon [_thread_blocked, id=17311, stack(0x00007f8ba0318000,0x00007f8ba0419000)]
  0x00007f8ba40a4800 JavaThread "Signal Dispatcher" daemon [_thread_in_vm, id=17310, stack(0x00007f8ba0419000,0x00007f8ba051a000)]
  0x00007f8ba4077800 JavaThread "Finalizer" daemon [_thread_blocked, id=17309, stack(0x00007f8ba0bfc000,0x00007f8ba0cfd000)]
  0x00007f8ba4075800 JavaThread "Reference Handler" daemon [_thread_blocked, id=17308, stack(0x00007f8ba0cfd000,0x00007f8ba0dfe000)]

Other Threads:
  0x00007f8ba4071000 VMThread [stack: 0x00007f8ba0dfe000,0x00007f8ba0eff000] [id=17307]
  0x00007f8ba40b6800 WatcherThread [stack: 0x00007f8ba0015000,0x00007f8ba0116000] [id=17314]

VM state:not at safepoint (normal execution)

VM Mutex/Monitor currently owned by a thread:  ([mutex/lock_event])
[0x00007f8ba4006340] Threads_lock - owner thread: 0x00007f8ba40a4800

Heap
 PSYoungGen      total 9216K, used 4944K [0x00000000f2200000, 0x00000000f2c00000, 0x0000000100000000)
  eden space 8192K, 60% used [0x00000000f2200000,0x00000000f26d4070,0x00000000f2a00000)
  from space 1024K, 0% used [0x00000000f2b00000,0x00000000f2b00000,0x00000000f2c00000)
  to   space 1024K, 0% used [0x00000000f2a00000,0x00000000f2a00000,0x00000000f2b00000)
 ParOldGen       total 19968K, used 0K [0x00000000d6600000, 0x00000000d7980000, 0x00000000f2200000)
  object space 19968K, 0% used [0x00000000d6600000,0x00000000d6600000,0x00000000d7980000)
 PSPermGen       total 21504K, used 11999K [0x00000000cc000000, 0x00000000cd500000, 0x00000000d6600000)
  object space 21504K, 55% used [0x00000000cc000000,0x00000000ccbb7c70,0x00000000cd500000)

Card table byte_map: [0x00007f8baaac1000,0x00007f8baac62000] byte_map_base: 0x00007f8baa461000

Polling page: 0x00007f8bae14a000

Code Cache  [0x00007f8ba1000000, 0x00007f8ba1270000, 0x00007f8ba4000000)
 total_blobs=519 nmethods=54 adapters=420 free_code_cache=48529Kb largest_free_block=49656896

Compilation events (10 events):
Event: 3534.610 Thread 0x00007f8ba40a6800   49             java.lang.Long::valueOf (40 bytes)
Event: 3534.626 Thread 0x00007f8ba40a6800 nmethod 49 0x00007f8ba1093950 code [0x00007f8ba1093aa0, 0x00007f8ba1093bb8]
Event: 3890.886 Thread 0x00007f8ba40a9800   50   !         sun.awt.X11.XToolkit::getNextTaskTime (55 bytes)
Event: 3890.910 Thread 0x00007f8ba40a9800 nmethod 50 0x00007f8ba1095c10 code [0x00007f8ba1095d80, 0x00007f8ba1095f88]
Event: 5138.638 Thread 0x00007f8ba40a6800   52             sun.awt.X11.XWrapperBase::<init> (5 bytes)
Event: 5138.655 Thread 0x00007f8ba40a6800 nmethod 52 0x00007f8ba10933d0 code [0x00007f8ba1093500, 0x00007f8ba1093558]
Event: 5475.109 Thread 0x00007f8ba40a9800   53             sun.awt.X11.XAnyEvent::get_window (20 bytes)
Event: 5475.126 Thread 0x00007f8ba40a9800 nmethod 53 0x00007f8ba1095650 code [0x00007f8ba10957c0, 0x00007f8ba1095978]
Event: 5565.447 Thread 0x00007f8ba40a6800   54 % !         sun.awt.X11.XToolkit::run @ 59 (410 bytes)
Event: 5565.623 Thread 0x00007f8ba40a6800 nmethod 54% 0x00007f8ba109c750 code [0x00007f8ba109cd80, 0x00007f8ba10a0038]

GC Heap History (0 events):
No events

Deoptimization events (5 events):
Event: 2.259 Thread 0x00007f8b64005800 Uncommon trap: reason=class_check action=maybe_recompile pc=0x00007f8ba1081414 method=java.lang.String.equals(Ljava/lang/Object;)Z @ 8
Event: 2.259 Thread 0x00007f8b64005800 Uncommon trap: reason=class_check action=maybe_recompile pc=0x00007f8ba1081414 method=java.lang.String.equals(Ljava/lang/Object;)Z @ 8
Event: 2.329 Thread 0x00007f8b64005800 Uncommon trap: reason=class_check action=maybe_recompile pc=0x00007f8ba1081414 method=java.lang.String.equals(Ljava/lang/Object;)Z @ 8
Event: 2.329 Thread 0x00007f8b64005800 Uncommon trap: reason=class_check action=maybe_recompile pc=0x00007f8ba1081414 method=java.lang.String.equals(Ljava/lang/Object;)Z @ 8
Event: 6207.925 Thread 0x00007f8ba4206000 Uncommon trap: reason=null_check action=make_not_entrant pc=0x00007f8ba109f8b4 method=sun.awt.X11.XToolkit.dispatchEvent(Lsun/awt/X11/XEvent;)V @ 99

Internal exceptions (10 events):
Event: 0.555 Thread 0x00007f8ba400a000 Threw 0x00000000f229a610 at /build/openjdk-7-65SuYz/openjdk-7-7u85-2.6.1/build/openjdk/hotspot/src/share/vm/prims/jvm.cpp:1322
Event: 0.556 Thread 0x00007f8ba400a000 Threw 0x00000000f229ccc0 at /build/openjdk-7-65SuYz/openjdk-7-7u85-2.6.1/build/openjdk/hotspot/src/share/vm/prims/jvm.cpp:1322
Event: 0.556 Thread 0x00007f8ba400a000 Threw 0x00000000f229cde8 at /build/openjdk-7-65SuYz/openjdk-7-7u85-2.6.1/build/openjdk/hotspot/src/share/vm/prims/jvm.cpp:1322
Event: 0.556 Thread 0x00007f8ba400a000 Threw 0x00000000f229d7e8 at /build/openjdk-7-65SuYz/openjdk-7-7u85-2.6.1/build/openjdk/hotspot/src/share/vm/prims/jvm.cpp:1322
Event: 0.556 Thread 0x00007f8ba400a000 Threw 0x00000000f229d910 at /build/openjdk-7-65SuYz/openjdk-7-7u85-2.6.1/build/openjdk/hotspot/src/share/vm/prims/jvm.cpp:1322
Event: 0.954 Thread 0x00007f8ba400a000 Threw 0x00000000f244a818 at /build/openjdk-7-65SuYz/openjdk-7-7u85-2.6.1/build/openjdk/hotspot/src/share/vm/prims/jvm.cpp:1322
Event: 0.954 Thread 0x00007f8ba400a000 Threw 0x00000000f244c9f8 at /build/openjdk-7-65SuYz/openjdk-7-7u85-2.6.1/build/openjdk/hotspot/src/share/vm/prims/jvm.cpp:1322
Event: 1.371 Thread 0x00007f8b64005800 Threw 0x00000000f24a0988 at /build/openjdk-7-65SuYz/openjdk-7-7u85-2.6.1/build/openjdk/hotspot/src/share/vm/prims/jni.cpp:747
Event: 3.479 Thread 0x00007f8b64005800 Threw 0x00000000f25b9548 at /build/openjdk-7-65SuYz/openjdk-7-7u85-2.6.1/build/openjdk/hotspot/src/share/vm/prims/jni.cpp:747
Event: 6207.923 Thread 0x00007f8ba4206000 Implicit null exception at 0x00007f8ba109d98b to 0x00007f8ba109f89d

Events (10 events):
Event: 8.159 Thread 0x00007f8b5c014800 Thread exited: 0x00007f8b5c014800
Event: 1141.506 loading class 0x00007f8b88054bb0
Event: 1141.633 loading class 0x00007f8b88054bb0 done
Event: 1141.642 loading class 0x00007f8b8803dc00
Event: 1141.656 loading class 0x00007f8b8803dc00 done
Event: 6207.924 Thread 0x00007f8ba4206000 Uncommon trap: trap_request=0xfffffff4 fr.pc=0x00007f8ba109f8b4
Event: 6207.926 Thread 0x00007f8ba4206000 DEOPT PACKING pc=0x00007f8ba109f8b4 sp=0x00007f8b72556920
Event: 6207.927 Thread 0x00007f8ba4206000 DEOPT UNPACKING pc=0x00007f8ba1039045 sp=0x00007f8b72556860 mode 2
Event: 6221.527 loading class 0x00007f8b8802de80
Event: 6222.619 loading class 0x00007f8b8802de80 done


Dynamic libraries:
00400000-00401000 r-xp 00000000 08:01 425789                             /usr/lib/jvm/java-7-openjdk-amd64/jre/bin/java
00600000-00601000 r--p 00000000 08:01 425789                             /usr/lib/jvm/java-7-openjdk-amd64/jre/bin/java
00601000-00602000 rw-p 00001000 08:01 425789                             /usr/lib/jvm/java-7-openjdk-amd64/jre/bin/java
0089b000-008bc000 rw-p 00000000 00:00 0                                  [heap]
cc000000-cd500000 rw-p 00000000 00:00 0 
cd500000-d6600000 rw-p 00000000 00:00 0 
d6600000-d7980000 rw-p 00000000 00:00 0 
d7980000-f2200000 rw-p 00000000 00:00 0 
f2200000-f2c00000 rw-p 00000000 00:00 0 
f2c00000-100000000 rw-p 00000000 00:00 0 
7f8b5c000000-7f8b5c061000 rw-p 00000000 00:00 0 
7f8b5c061000-7f8b60000000 ---p 00000000 00:00 0 
7f8b64000000-7f8b6402a000 rw-p 00000000 00:00 0 
7f8b6402a000-7f8b68000000 ---p 00000000 00:00 0 
7f8b68000000-7f8b68021000 rw-p 00000000 00:00 0 
7f8b68021000-7f8b6c000000 ---p 00000000 00:00 0 
7f8b6c000000-7f8b6c021000 rw-p 00000000 00:00 0 
7f8b6c021000-7f8b70000000 ---p 00000000 00:00 0 
7f8b719d4000-7f8b719d7000 ---p 00000000 00:00 0 
7f8b719d7000-7f8b71ad5000 rw-p 00000000 00:00 0 
7f8b71ad5000-7f8b71ad8000 ---p 00000000 00:00 0 
7f8b71ad8000-7f8b71bd6000 rw-p 00000000 00:00 0                          [stack:17320]
7f8b71bd6000-7f8b71bd9000 ---p 00000000 00:00 0 
7f8b71bd9000-7f8b71cd7000 rw-p 00000000 00:00 0                          [stack:17319]
7f8b71cd7000-7f8b71cda000 ---p 00000000 00:00 0 
7f8b71cda000-7f8b71dd8000 rw-p 00000000 00:00 0                          [stack:17318]
7f8b71dd8000-7f8b71de8000 r-xp 00000000 08:01 425814                     /usr/lib/jvm/java-7-openjdk-amd64/jre/lib/amd64/libnio.so
7f8b71de8000-7f8b71fe8000 ---p 00010000 08:01 425814                     /usr/lib/jvm/java-7-openjdk-amd64/jre/lib/amd64/libnio.so
7f8b71fe8000-7f8b71fe9000 r--p 00010000 08:01 425814                     /usr/lib/jvm/java-7-openjdk-amd64/jre/lib/amd64/libnio.so
7f8b71fe9000-7f8b71fea000 rw-p 00011000 08:01 425814                     /usr/lib/jvm/java-7-openjdk-amd64/jre/lib/amd64/libnio.so
7f8b71fea000-7f8b72001000 r-xp 00000000 08:01 426081                     /usr/lib/jvm/java-7-openjdk-amd64/jre/lib/amd64/libnet.so
7f8b72001000-7f8b72200000 ---p 00017000 08:01 426081                     /usr/lib/jvm/java-7-openjdk-amd64/jre/lib/amd64/libnet.so
7f8b72200000-7f8b72201000 r--p 00016000 08:01 426081                     /usr/lib/jvm/java-7-openjdk-amd64/jre/lib/amd64/libnet.so
7f8b72201000-7f8b72202000 rw-p 00017000 08:01 426081                     /usr/lib/jvm/java-7-openjdk-amd64/jre/lib/amd64/libnet.so
7f8b72202000-7f8b72254000 r-xp 00000000 08:01 425823                     /usr/lib/jvm/java-7-openjdk-amd64/jre/lib/amd64/libfontmanager.so
7f8b72254000-7f8b72453000 ---p 00052000 08:01 425823                     /usr/lib/jvm/java-7-openjdk-amd64/jre/lib/amd64/libfontmanager.so
7f8b72453000-7f8b72456000 r--p 00051000 08:01 425823                     /usr/lib/jvm/java-7-openjdk-amd64/jre/lib/amd64/libfontmanager.so
7f8b72456000-7f8b72457000 rw-p 00054000 08:01 425823                     /usr/lib/jvm/java-7-openjdk-amd64/jre/lib/amd64/libfontmanager.so
7f8b72457000-7f8b7245a000 ---p 00000000 00:00 0 
7f8b7245a000-7f8b72558000 rw-p 00000000 00:00 0                          [stack:17316]
7f8b72558000-7f8b7255d000 r-xp 00000000 08:01 403951                     /usr/lib/x86_64-linux-gnu/libXfixes.so.3.1.0
7f8b7255d000-7f8b7275c000 ---p 00005000 08:01 403951                     /usr/lib/x86_64-linux-gnu/libXfixes.so.3.1.0
7f8b7275c000-7f8b7275d000 r--p 00004000 08:01 403951                     /usr/lib/x86_64-linux-gnu/libXfixes.so.3.1.0
7f8b7275d000-7f8b7275e000 rw-p 00005000 08:01 403951                     /usr/lib/x86_64-linux-gnu/libXfixes.so.3.1.0
7f8b7275e000-7f8b72767000 r-xp 00000000 08:01 403943                     /usr/lib/x86_64-linux-gnu/libXcursor.so.1.0.2
7f8b72767000-7f8b72966000 ---p 00009000 08:01 403943                     /usr/lib/x86_64-linux-gnu/libXcursor.so.1.0.2
7f8b72966000-7f8b72967000 r--p 00008000 08:01 403943                     /usr/lib/x86_64-linux-gnu/libXcursor.so.1.0.2
7f8b72967000-7f8b72968000 rw-p 00009000 08:01 403943                     /usr/lib/x86_64-linux-gnu/libXcursor.so.1.0.2
7f8b72968000-7f8b7296b000 ---p 00000000 00:00 0 
7f8b7296b000-7f8b72a69000 rw-p 00000000 00:00 0                          [stack:17315]
7f8b72a69000-7f8b72a6d000 r-xp 00000000 08:01 136062                     /lib/x86_64-linux-gnu/libgpg-error.so.0.10.0
7f8b72a6d000-7f8b72c6c000 ---p 00004000 08:01 136062                     /lib/x86_64-linux-gnu/libgpg-error.so.0.10.0
7f8b72c6c000-7f8b72c6d000 r--p 00003000 08:01 136062                     /lib/x86_64-linux-gnu/libgpg-error.so.0.10.0
7f8b72c6d000-7f8b72c6e000 rw-p 00004000 08:01 136062                     /lib/x86_64-linux-gnu/libgpg-error.so.0.10.0
7f8b72c6e000-7f8b72c70000 r-xp 00000000 08:01 136072                     /lib/x86_64-linux-gnu/libkeyutils.so.1.4
7f8b72c70000-7f8b72e70000 ---p 00002000 08:01 136072                     /lib/x86_64-linux-gnu/libkeyutils.so.1.4
7f8b72e70000-7f8b72e71000 r--p 00002000 08:01 136072                     /lib/x86_64-linux-gnu/libkeyutils.so.1.4
7f8b72e71000-7f8b72e72000 rw-p 00003000 08:01 136072                     /lib/x86_64-linux-gnu/libkeyutils.so.1.4
7f8b72e72000-7f8b72eaf000 r-xp 00000000 08:01 136132                     /lib/x86_64-linux-gnu/libpcre.so.3.13.1
7f8b72eaf000-7f8b730ae000 ---p 0003d000 08:01 136132                     /lib/x86_64-linux-gnu/libpcre.so.3.13.1
7f8b730ae000-7f8b730af000 r--p 0003c000 08:01 136132                     /lib/x86_64-linux-gnu/libpcre.so.3.13.1
7f8b730af000-7f8b730b0000 rw-p 0003d000 08:01 136132                     /lib/x86_64-linux-gnu/libpcre.so.3.13.1
7f8b730b0000-7f8b730d5000 r-xp 00000000 08:01 136144                     /lib/x86_64-linux-gnu/libpng12.so.0.50.0
7f8b730d5000-7f8b732d4000 ---p 00025000 08:01 136144                     /lib/x86_64-linux-gnu/libpng12.so.0.50.0
7f8b732d4000-7f8b732d5000 r--p 00024000 08:01 136144                     /lib/x86_64-linux-gnu/libpng12.so.0.50.0
7f8b732d5000-7f8b732d6000 rw-p 00025000 08:01 136144                     /lib/x86_64-linux-gnu/libpng12.so.0.50.0
7f8b732d6000-7f8b7331a000 r-xp 00000000 08:01 136043                     /lib/x86_64-linux-gnu/libdbus-1.so.3.7.6
7f8b7331a000-7f8b73519000 ---p 00044000 08:01 136043                     /lib/x86_64-linux-gnu/libdbus-1.so.3.7.6
7f8b73519000-7f8b7351a000 r--p 00043000 08:01 136043                     /lib/x86_64-linux-gnu/libdbus-1.so.3.7.6
7f8b7351a000-7f8b7351b000 rw-p 00044000 08:01 136043                     /lib/x86_64-linux-gnu/libdbus-1.so.3.7.6
7f8b7351b000-7f8b73556000 r-xp 00000000 08:01 404663                     /usr/lib/x86_64-linux-gnu/libp11-kit.so.0.0.0
7f8b73556000-7f8b73755000 ---p 0003b000 08:01 404663                     /usr/lib/x86_64-linux-gnu/libp11-kit.so.0.0.0
7f8b73755000-7f8b7375b000 r--p 0003a000 08:01 404663                     /usr/lib/x86_64-linux-gnu/libp11-kit.so.0.0.0
7f8b7375b000-7f8b7375d000 rw-p 00040000 08:01 404663                     /usr/lib/x86_64-linux-gnu/libp11-kit.so.0.0.0
7f8b7375d000-7f8b7376f000 r-xp 00000000 08:01 404846                     /usr/lib/x86_64-linux-gnu/libtasn1.so.6.2.0
7f8b7376f000-7f8b7396f000 ---p 00012000 08:01 404846                     /usr/lib/x86_64-linux-gnu/libtasn1.so.6.2.0
7f8b7396f000-7f8b73970000 r--p 00012000 08:01 404846                     /usr/lib/x86_64-linux-gnu/libtasn1.so.6.2.0
7f8b73970000-7f8b73971000 rw-p 00013000 08:01 404846                     /usr/lib/x86_64-linux-gnu/libtasn1.so.6.2.0
7f8b73971000-7f8b739ed000 r-xp 00000000 08:01 136058                     /lib/x86_64-linux-gnu/libgcrypt.so.11.8.2
7f8b739ed000-7f8b73bed000 ---p 0007c000 08:01 136058                     /lib/x86_64-linux-gnu/libgcrypt.so.11.8.2
7f8b73bed000-7f8b73bee000 r--p 0007c000 08:01 136058                     /lib/x86_64-linux-gnu/libgcrypt.so.11.8.2
7f8b73bee000-7f8b73bf1000 rw-p 0007d000 08:01 136058                     /lib/x86_64-linux-gnu/libgcrypt.so.11.8.2
7f8b73bf1000-7f8b73bfb000 r-xp 00000000 08:01 404546                     /usr/lib/x86_64-linux-gnu/libkrb5support.so.0.1
7f8b73bfb000-7f8b73dfa000 ---p 0000a000 08:01 404546                     /usr/lib/x86_64-linux-gnu/libkrb5support.so.0.1
7f8b73dfa000-7f8b73dfb000 r--p 00009000 08:01 404546                     /usr/lib/x86_64-linux-gnu/libkrb5support.so.0.1
7f8b73dfb000-7f8b73dfc000 rw-p 0000a000 08:01 404546                     /usr/lib/x86_64-linux-gnu/libkrb5support.so.0.1
7f8b73dfc000-7f8b73dff000 r-xp 00000000 08:01 130937                     /lib/x86_64-linux-gnu/libcom_err.so.2.1
7f8b73dff000-7f8b73ffe000 ---p 00003000 08:01 130937                     /lib/x86_64-linux-gnu/libcom_err.so.2.1
7f8b73ffe000-7f8b73fff000 r--p 00002000 08:01 130937                     /lib/x86_64-linux-gnu/libcom_err.so.2.1
7f8b73fff000-7f8b74000000 rw-p 00003000 08:01 130937                     /lib/x86_64-linux-gnu/libcom_err.so.2.1
7f8b74000000-7f8b74021000 rw-p 00000000 00:00 0 
7f8b74021000-7f8b78000000 ---p 00000000 00:00 0 
7f8b780a5000-7f8b780d1000 r-xp 00000000 08:01 404540                     /usr/lib/x86_64-linux-gnu/libk5crypto.so.3.1
7f8b780d1000-7f8b782d0000 ---p 0002c000 08:01 404540                     /usr/lib/x86_64-linux-gnu/libk5crypto.so.3.1
7f8b782d0000-7f8b782d2000 r--p 0002b000 08:01 404540                     /usr/lib/x86_64-linux-gnu/libk5crypto.so.3.1
7f8b782d2000-7f8b782d3000 rw-p 0002d000 08:01 404540                     /usr/lib/x86_64-linux-gnu/libk5crypto.so.3.1
7f8b782d3000-7f8b782d4000 rw-p 00000000 00:00 0 
7f8b782d4000-7f8b78390000 r-xp 00000000 08:01 404544                     /usr/lib/x86_64-linux-gnu/libkrb5.so.3.3
7f8b78390000-7f8b78590000 ---p 000bc000 08:01 404544                     /usr/lib/x86_64-linux-gnu/libkrb5.so.3.3
7f8b78590000-7f8b7859d000 r--p 000bc000 08:01 404544                     /usr/lib/x86_64-linux-gnu/libkrb5.so.3.3
7f8b7859d000-7f8b7859f000 rw-p 000c9000 08:01 404544                     /usr/lib/x86_64-linux-gnu/libkrb5.so.3.3
7f8b7859f000-7f8b785a4000 r-xp 00000000 08:01 403947                     /usr/lib/x86_64-linux-gnu/libXdmcp.so.6.0.0
7f8b785a4000-7f8b787a3000 ---p 00005000 08:01 403947                     /usr/lib/x86_64-linux-gnu/libXdmcp.so.6.0.0
7f8b787a3000-7f8b787a4000 r--p 00004000 08:01 403947                     /usr/lib/x86_64-linux-gnu/libXdmcp.so.6.0.0
7f8b787a4000-7f8b787a5000 rw-p 00005000 08:01 403947                     /usr/lib/x86_64-linux-gnu/libXdmcp.so.6.0.0
7f8b787a5000-7f8b787a7000 r-xp 00000000 08:01 403936                     /usr/lib/x86_64-linux-gnu/libXau.so.6.0.0
7f8b787a7000-7f8b789a7000 ---p 00002000 08:01 403936                     /usr/lib/x86_64-linux-gnu/libXau.so.6.0.0
7f8b789a7000-7f8b789a8000 r--p 00002000 08:01 403936                     /usr/lib/x86_64-linux-gnu/libXau.so.6.0.0
7f8b789a8000-7f8b789a9000 rw-p 00003000 08:01 403936                     /usr/lib/x86_64-linux-gnu/libXau.so.6.0.0
7f8b789a9000-7f8b789b0000 r-xp 00000000 08:01 404218                     /usr/lib/x86_64-linux-gnu/libffi.so.6.0.1
7f8b789b0000-7f8b78baf000 ---p 00007000 08:01 404218                     /usr/lib/x86_64-linux-gnu/libffi.so.6.0.1
7f8b78baf000-7f8b78bb0000 r--p 00006000 08:01 404218                     /usr/lib/x86_64-linux-gnu/libffi.so.6.0.1
7f8b78bb0000-7f8b78bb1000 rw-p 00007000 08:01 404218                     /usr/lib/x86_64-linux-gnu/libffi.so.6.0.1
7f8b78bb1000-7f8b78bc8000 r-xp 00000000 08:01 136155                     /lib/x86_64-linux-gnu/libresolv-2.19.so
7f8b78bc8000-7f8b78dc8000 ---p 00017000 08:01 136155                     /lib/x86_64-linux-gnu/libresolv-2.19.so
7f8b78dc8000-7f8b78dc9000 r--p 00017000 08:01 136155                     /lib/x86_64-linux-gnu/libresolv-2.19.so
7f8b78dc9000-7f8b78dca000 rw-p 00018000 08:01 136155                     /lib/x86_64-linux-gnu/libresolv-2.19.so
7f8b78dca000-7f8b78dcc000 rw-p 00000000 00:00 0 
7f8b78dcc000-7f8b78dec000 r-xp 00000000 08:01 136159                     /lib/x86_64-linux-gnu/libselinux.so.1
7f8b78dec000-7f8b78feb000 ---p 00020000 08:01 136159                     /lib/x86_64-linux-gnu/libselinux.so.1
7f8b78feb000-7f8b78fec000 r--p 0001f000 08:01 136159                     /lib/x86_64-linux-gnu/libselinux.so.1
7f8b78fec000-7f8b78fed000 rw-p 00020000 08:01 136159                     /lib/x86_64-linux-gnu/libselinux.so.1
7f8b78fed000-7f8b78fef000 rw-p 00000000 00:00 0 
7f8b78fef000-7f8b790f5000 r-xp 00000000 08:01 136060                     /lib/x86_64-linux-gnu/libglib-2.0.so.0.4002.0
7f8b790f5000-7f8b792f4000 ---p 00106000 08:01 136060                     /lib/x86_64-linux-gnu/libglib-2.0.so.0.4002.0
7f8b792f4000-7f8b792f5000 r--p 00105000 08:01 136060                     /lib/x86_64-linux-gnu/libglib-2.0.so.0.4002.0
7f8b792f5000-7f8b792f6000 rw-p 00106000 08:01 136060                     /lib/x86_64-linux-gnu/libglib-2.0.so.0.4002.0
7f8b792f6000-7f8b792f7000 rw-p 00000000 00:00 0 
7f8b792f7000-7f8b792fa000 r-xp 00000000 08:01 404331                     /usr/lib/x86_64-linux-gnu/libgmodule-2.0.so.0.4002.0
7f8b792fa000-7f8b794f9000 ---p 00003000 08:01 404331                     /usr/lib/x86_64-linux-gnu/libgmodule-2.0.so.0.4002.0
7f8b794f9000-7f8b794fa000 r--p 00002000 08:01 404331                     /usr/lib/x86_64-linux-gnu/libgmodule-2.0.so.0.4002.0
7f8b794fa000-7f8b794fb000 rw-p 00003000 08:01 404331                     /usr/lib/x86_64-linux-gnu/libgmodule-2.0.so.0.4002.0
7f8b794fb000-7f8b79522000 r-xp 00000000 08:01 130943                     /lib/x86_64-linux-gnu/libexpat.so.1.6.0
7f8b79522000-7f8b79722000 ---p 00027000 08:01 130943                     /lib/x86_64-linux-gnu/libexpat.so.1.6.0
7f8b79722000-7f8b79724000 r--p 00027000 08:01 130943                     /lib/x86_64-linux-gnu/libexpat.so.1.6.0
7f8b79724000-7f8b79725000 rw-p 00029000 08:01 130943                     /lib/x86_64-linux-gnu/libexpat.so.1.6.0
7f8b79725000-7f8b797c2000 r-xp 00000000 08:01 402850                     /usr/lib/x86_64-linux-gnu/libfreetype.so.6.11.1
7f8b797c2000-7f8b799c1000 ---p 0009d000 08:01 402850                     /usr/lib/x86_64-linux-gnu/libfreetype.so.6.11.1
7f8b799c1000-7f8b799c7000 r--p 0009c000 08:01 402850                     /usr/lib/x86_64-linux-gnu/libfreetype.so.6.11.1
7f8b799c7000-7f8b799c8000 rw-p 000a2000 08:01 402850                     /usr/lib/x86_64-linux-gnu/libfreetype.so.6.11.1
7f8b799c8000-7f8b799d7000 r-xp 00000000 08:01 404040                     /usr/lib/x86_64-linux-gnu/libavahi-client.so.3.2.9
7f8b799d7000-7f8b79bd7000 ---p 0000f000 08:01 404040                     /usr/lib/x86_64-linux-gnu/libavahi-client.so.3.2.9
7f8b79bd7000-7f8b79bd8000 r--p 0000f000 08:01 404040                     /usr/lib/x86_64-linux-gnu/libavahi-client.so.3.2.9
7f8b79bd8000-7f8b79bd9000 rw-p 00010000 08:01 404040                     /usr/lib/x86_64-linux-gnu/libavahi-client.so.3.2.9
7f8b79bd9000-7f8b79be4000 r-xp 00000000 08:01 404042                     /usr/lib/x86_64-linux-gnu/libavahi-common.so.3.5.3
7f8b79be4000-7f8b79de3000 ---p 0000b000 08:01 404042                     /usr/lib/x86_64-linux-gnu/libavahi-common.so.3.5.3
7f8b79de3000-7f8b79de4000 r--p 0000a000 08:01 404042                     /usr/lib/x86_64-linux-gnu/libavahi-common.so.3.5.3
7f8b79de4000-7f8b79de5000 rw-p 0000b000 08:01 404042                     /usr/lib/x86_64-linux-gnu/libavahi-common.so.3.5.3
7f8b79de5000-7f8b79e9b000 r-xp 00000000 08:01 404343                     /usr/lib/x86_64-linux-gnu/libgnutls.so.26.22.6
7f8b79e9b000-7f8b7a09b000 ---p 000b6000 08:01 404343                     /usr/lib/x86_64-linux-gnu/libgnutls.so.26.22.6
7f8b7a09b000-7f8b7a0a1000 r--p 000b6000 08:01 404343                     /usr/lib/x86_64-linux-gnu/libgnutls.so.26.22.6
7f8b7a0a1000-7f8b7a0a2000 rw-p 000bc000 08:01 404343                     /usr/lib/x86_64-linux-gnu/libgnutls.so.26.22.6
7f8b7a0a2000-7f8b7a0a3000 rw-p 00000000 00:00 0 
7f8b7a0a3000-7f8b7a0e6000 r-xp 00000000 08:01 404374                     /usr/lib/x86_64-linux-gnu/libgssapi_krb5.so.2.2
7f8b7a0e6000-7f8b7a2e6000 ---p 00043000 08:01 404374                     /usr/lib/x86_64-linux-gnu/libgssapi_krb5.so.2.2
7f8b7a2e6000-7f8b7a2e7000 r--p 00043000 08:01 404374                     /usr/lib/x86_64-linux-gnu/libgssapi_krb5.so.2.2
7f8b7a2e7000-7f8b7a2e9000 rw-p 00044000 08:01 404374                     /usr/lib/x86_64-linux-gnu/libgssapi_krb5.so.2.2
7f8b7a2e9000-7f8b7a306000 r-xp 00000000 08:01 405002                     /usr/lib/x86_64-linux-gnu/libxcb.so.1.1.0
7f8b7a306000-7f8b7a506000 ---p 0001d000 08:01 405002                     /usr/lib/x86_64-linux-gnu/libxcb.so.1.1.0
7f8b7a506000-7f8b7a507000 r--p 0001d000 08:01 405002                     /usr/lib/x86_64-linux-gnu/libxcb.so.1.1.0
7f8b7a507000-7f8b7a508000 rw-p 0001e000 08:01 405002                     /usr/lib/x86_64-linux-gnu/libxcb.so.1.1.0
7f8b7a508000-7f8b7a557000 r-xp 00000000 08:01 404347                     /usr/lib/x86_64-linux-gnu/libgobject-2.0.so.0.4002.0
7f8b7a557000-7f8b7a757000 ---p 0004f000 08:01 404347                     /usr/lib/x86_64-linux-gnu/libgobject-2.0.so.0.4002.0
7f8b7a757000-7f8b7a758000 r--p 0004f000 08:01 404347                     /usr/lib/x86_64-linux-gnu/libgobject-2.0.so.0.4002.0
7f8b7a758000-7f8b7a759000 rw-p 00050000 08:01 404347                     /usr/lib/x86_64-linux-gnu/libgobject-2.0.so.0.4002.0
7f8b7a759000-7f8b7a8c5000 r-xp 00000000 08:01 404319                     /usr/lib/x86_64-linux-gnu/libgio-2.0.so.0.4002.0
7f8b7a8c5000-7f8b7aac4000 ---p 0016c000 08:01 404319                     /usr/lib/x86_64-linux-gnu/libgio-2.0.so.0.4002.0
7f8b7aac4000-7f8b7aac8000 r--p 0016b000 08:01 404319                     /usr/lib/x86_64-linux-gnu/libgio-2.0.so.0.4002.0
7f8b7aac8000-7f8b7aaca000 rw-p 0016f000 08:01 404319                     /usr/lib/x86_64-linux-gnu/libgio-2.0.so.0.4002.0
7f8b7aaca000-7f8b7aacc000 rw-p 00000000 00:00 0 
7f8b7aacc000-7f8b7ab06000 r-xp 00000000 08:01 404232                     /usr/lib/x86_64-linux-gnu/libfontconfig.so.1.8.0
7f8b7ab06000-7f8b7ad05000 ---p 0003a000 08:01 404232                     /usr/lib/x86_64-linux-gnu/libfontconfig.so.1.8.0
7f8b7ad05000-7f8b7ad07000 r--p 00039000 08:01 404232                     /usr/lib/x86_64-linux-gnu/libfontconfig.so.1.8.0
7f8b7ad07000-7f8b7ad08000 rw-p 0003b000 08:01 404232                     /usr/lib/x86_64-linux-gnu/libfontconfig.so.1.8.0
7f8b7ad08000-7f8b7ad74000 r-xp 00000000 08:01 404125                     /usr/lib/x86_64-linux-gnu/libcups.so.2
7f8b7ad74000-7f8b7af74000 ---p 0006c000 08:01 404125                     /usr/lib/x86_64-linux-gnu/libcups.so.2
7f8b7af74000-7f8b7af7b000 r--p 0006c000 08:01 404125                     /usr/lib/x86_64-linux-gnu/libcups.so.2
7f8b7af7b000-7f8b7af7c000 rw-p 00073000 08:01 404125                     /usr/lib/x86_64-linux-gnu/libcups.so.2
7f8b7af7c000-7f8b7af8b000 r-xp 00000000 08:01 403957                     /usr/lib/x86_64-linux-gnu/libXi.so.6.1.0
7f8b7af8b000-7f8b7b18a000 ---p 0000f000 08:01 403957                     /usr/lib/x86_64-linux-gnu/libXi.so.6.1.0
7f8b7b18a000-7f8b7b18b000 r--p 0000e000 08:01 403957                     /usr/lib/x86_64-linux-gnu/libXi.so.6.1.0
7f8b7b18b000-7f8b7b18c000 rw-p 0000f000 08:01 403957                     /usr/lib/x86_64-linux-gnu/libXi.so.6.1.0
7f8b7b18c000-7f8b7b191000 r-xp 00000000 08:01 403977                     /usr/lib/x86_64-linux-gnu/libXtst.so.6.1.0
7f8b7b191000-7f8b7b390000 ---p 00005000 08:01 403977                     /usr/lib/x86_64-linux-gnu/libXtst.so.6.1.0
7f8b7b390000-7f8b7b391000 r--p 00004000 08:01 403977                     /usr/lib/x86_64-linux-gnu/libXtst.so.6.1.0
7f8b7b391000-7f8b7b392000 rw-p 00005000 08:01 403977                     /usr/lib/x86_64-linux-gnu/libXtst.so.6.1.0
7f8b7b392000-7f8b7b39b000 r-xp 00000000 08:01 403971                     /usr/lib/x86_64-linux-gnu/libXrender.so.1.3.0
7f8b7b39b000-7f8b7b59a000 ---p 00009000 08:01 403971                     /usr/lib/x86_64-linux-gnu/libXrender.so.1.3.0
7f8b7b59a000-7f8b7b59b000 r--p 00008000 08:01 403971                     /usr/lib/x86_64-linux-gnu/libXrender.so.1.3.0
7f8b7b59b000-7f8b7b59c000 rw-p 00009000 08:01 403971                     /usr/lib/x86_64-linux-gnu/libXrender.so.1.3.0
7f8b7b59c000-7f8b7b6cc000 r-xp 00000000 08:01 403932                     /usr/lib/x86_64-linux-gnu/libX11.so.6.3.0
7f8b7b6cc000-7f8b7b8cc000 ---p 00130000 08:01 403932                     /usr/lib/x86_64-linux-gnu/libX11.so.6.3.0
7f8b7b8cc000-7f8b7b8cd000 r--p 00130000 08:01 403932                     /usr/lib/x86_64-linux-gnu/libX11.so.6.3.0
7f8b7b8cd000-7f8b7b8d1000 rw-p 00131000 08:01 403932                     /usr/lib/x86_64-linux-gnu/libX11.so.6.3.0
7f8b7b8d1000-7f8b7b8e2000 r-xp 00000000 08:01 403949                     /usr/lib/x86_64-linux-gnu/libXext.so.6.4.0
7f8b7b8e2000-7f8b7bae1000 ---p 00011000 08:01 403949                     /usr/lib/x86_64-linux-gnu/libXext.so.6.4.0
7f8b7bae1000-7f8b7bae2000 r--p 00010000 08:01 403949                     /usr/lib/x86_64-linux-gnu/libXext.so.6.4.0
7f8b7bae2000-7f8b7bae3000 rw-p 00011000 08:01 403949                     /usr/lib/x86_64-linux-gnu/libXext.so.6.4.0
7f8b7bae3000-7f8b7bb2b000 r-xp 00000000 08:01 426234                     /usr/lib/jvm/java-7-openjdk-amd64/jre/lib/amd64/xawt/libmawt.so
7f8b7bb2b000-7f8b7bd2a000 ---p 00048000 08:01 426234                     /usr/lib/jvm/java-7-openjdk-amd64/jre/lib/amd64/xawt/libmawt.so
7f8b7bd2a000-7f8b7bd2b000 r--p 00047000 08:01 426234                     /usr/lib/jvm/java-7-openjdk-amd64/jre/lib/amd64/xawt/libmawt.so
7f8b7bd2b000-7f8b7bd2e000 rw-p 00048000 08:01 426234                     /usr/lib/jvm/java-7-openjdk-amd64/jre/lib/amd64/xawt/libmawt.so
7f8b7bd2e000-7f8b7bd2f000 rw-p 00000000 00:00 0 
7f8b7bd2f000-7f8b7bdcf000 r-xp 00000000 08:01 425819                     /usr/lib/jvm/java-7-openjdk-amd64/jre/lib/amd64/libawt.so
7f8b7bdcf000-7f8b7bfcf000 ---p 000a0000 08:01 425819                     /usr/lib/jvm/java-7-openjdk-amd64/jre/lib/amd64/libawt.so
7f8b7bfcf000-7f8b7bfd0000 r--p 000a0000 08:01 425819                     /usr/lib/jvm/java-7-openjdk-amd64/jre/lib/amd64/libawt.so
7f8b7bfd0000-7f8b7bfdb000 rw-p 000a1000 08:01 425819                     /usr/lib/jvm/java-7-openjdk-amd64/jre/lib/amd64/libawt.so
7f8b7bfdb000-7f8b7c000000 rw-p 00000000 00:00 0 
7f8b7c000000-7f8b7c1af000 rw-p 00000000 00:00 0 
7f8b7c1af000-7f8b80000000 ---p 00000000 00:00 0 
7f8b80000000-7f8b80021000 rw-p 00000000 00:00 0 
7f8b80021000-7f8b84000000 ---p 00000000 00:00 0 
7f8b84000000-7f8b84021000 rw-p 00000000 00:00 0 
7f8b84021000-7f8b88000000 ---p 00000000 00:00 0 
7f8b88000000-7f8b887d3000 rw-p 00000000 00:00 0 
7f8b887d3000-7f8b8c000000 ---p 00000000 00:00 0 
7f8b8c000000-7f8b8c021000 rw-p 00000000 00:00 0 
7f8b8c021000-7f8b90000000 ---p 00000000 00:00 0 
7f8b90000000-7f8b90021000 rw-p 00000000 00:00 0 
7f8b90021000-7f8b94000000 ---p 00000000 00:00 0 
7f8b94000000-7f8b94021000 rw-p 00000000 00:00 0 
7f8b94021000-7f8b98000000 ---p 00000000 00:00 0 
7f8b98000000-7f8b98021000 rw-p 00000000 00:00 0 
7f8b98021000-7f8b9c000000 ---p 00000000 00:00 0 
7f8b9c000000-7f8b9c021000 rw-p 00000000 00:00 0 
7f8b9c021000-7f8ba0000000 ---p 00000000 00:00 0 
7f8ba0015000-7f8ba0016000 ---p 00000000 00:00 0 
7f8ba0016000-7f8ba0116000 rw-p 00000000 00:00 0                          [stack:17314]
7f8ba0116000-7f8ba0119000 ---p 00000000 00:00 0 
7f8ba0119000-7f8ba0217000 rw-p 00000000 00:00 0                          [stack:17313]
7f8ba0217000-7f8ba021a000 ---p 00000000 00:00 0 
7f8ba021a000-7f8ba0318000 rw-p 00000000 00:00 0                          [stack:17312]
7f8ba0318000-7f8ba031b000 ---p 00000000 00:00 0 
7f8ba031b000-7f8ba0419000 rw-p 00000000 00:00 0                          [stack:17311]
7f8ba0419000-7f8ba041c000 ---p 00000000 00:00 0 
7f8ba041c000-7f8ba051a000 rw-p 00000000 00:00 0                          [stack:17310]
7f8ba051a000-7f8ba0bfc000 r--p 00000000 08:01 401793                     /usr/lib/locale/locale-archive
7f8ba0bfc000-7f8ba0bff000 ---p 00000000 00:00 0 
7f8ba0bff000-7f8ba0cfd000 rw-p 00000000 00:00 0                          [stack:17309]
7f8ba0cfd000-7f8ba0d00000 ---p 00000000 00:00 0 
7f8ba0d00000-7f8ba0dfe000 rw-p 00000000 00:00 0                          [stack:17308]
7f8ba0dfe000-7f8ba0dff000 ---p 00000000 00:00 0 
7f8ba0dff000-7f8ba1000000 rw-p 00000000 00:00 0                          [stack:17307]
7f8ba1000000-7f8ba1270000 rwxp 00000000 00:00 0 
7f8ba1270000-7f8ba432c000 rw-p 00000000 00:00 0 
7f8ba432c000-7f8ba8000000 ---p 00000000 00:00 0 
7f8ba8054000-7f8ba8085000 rw-p 00000000 00:00 0 
7f8ba8085000-7f8ba808f000 r--s 000ae000 08:01 426100                     /usr/lib/jvm/java-7-openjdk-amd64/jre/lib/resources.jar
7f8ba808f000-7f8ba8943000 rw-p 00000000 00:00 0 
7f8ba8943000-7f8ba8af5000 r--s 01d30000 08:01 425808                     /usr/lib/jvm/java-7-openjdk-amd64/jre/lib/rt.jar
7f8ba8af5000-7f8baa78e000 rw-p 00000000 00:00 0 
7f8baa78e000-7f8baa78f000 ---p 00000000 00:00 0 
7f8baa78f000-7f8baa88f000 rw-p 00000000 00:00 0                          [stack:17306]
7f8baa88f000-7f8baa890000 ---p 00000000 00:00 0 
7f8baa890000-7f8baa99b000 rw-p 00000000 00:00 0                          [stack:17305]
7f8baa99b000-7f8baa9e3000 rw-p 00000000 00:00 0 
7f8baa9e3000-7f8baa9ed000 rw-p 00000000 00:00 0 
7f8baa9ed000-7f8baaac1000 rw-p 00000000 00:00 0 
7f8baaac1000-7f8baaacc000 rw-p 00000000 00:00 0 
7f8baaacc000-7f8baab14000 rw-p 00000000 00:00 0 
7f8baab14000-7f8baab1e000 rw-p 00000000 00:00 0 
7f8baab1e000-7f8baabf2000 rw-p 00000000 00:00 0 
7f8baabf2000-7f8baabf7000 rw-p 00000000 00:00 0 
7f8baabf7000-7f8baac61000 rw-p 00000000 00:00 0 
7f8baac61000-7f8baac62000 rw-p 00000000 00:00 0 
7f8baac62000-7f8baac6a000 r-xp 00000000 08:01 425818                     /usr/lib/jvm/java-7-openjdk-amd64/jre/lib/amd64/libzip.so
7f8baac6a000-7f8baae69000 ---p 00008000 08:01 425818                     /usr/lib/jvm/java-7-openjdk-amd64/jre/lib/amd64/libzip.so
7f8baae69000-7f8baae6a000 r--p 00007000 08:01 425818                     /usr/lib/jvm/java-7-openjdk-amd64/jre/lib/amd64/libzip.so
7f8baae6a000-7f8baae6b000 rw-p 00008000 08:01 425818                     /usr/lib/jvm/java-7-openjdk-amd64/jre/lib/amd64/libzip.so
7f8baae6b000-7f8baae76000 r-xp 00000000 08:01 136104                     /lib/x86_64-linux-gnu/libnss_files-2.19.so
7f8baae76000-7f8bab075000 ---p 0000b000 08:01 136104                     /lib/x86_64-linux-gnu/libnss_files-2.19.so
7f8bab075000-7f8bab076000 r--p 0000a000 08:01 136104                     /lib/x86_64-linux-gnu/libnss_files-2.19.so
7f8bab076000-7f8bab077000 rw-p 0000b000 08:01 136104                     /lib/x86_64-linux-gnu/libnss_files-2.19.so
7f8bab077000-7f8bab082000 r-xp 00000000 08:01 136114                     /lib/x86_64-linux-gnu/libnss_nis-2.19.so
7f8bab082000-7f8bab281000 ---p 0000b000 08:01 136114                     /lib/x86_64-linux-gnu/libnss_nis-2.19.so
7f8bab281000-7f8bab282000 r--p 0000a000 08:01 136114                     /lib/x86_64-linux-gnu/libnss_nis-2.19.so
7f8bab282000-7f8bab283000 rw-p 0000b000 08:01 136114                     /lib/x86_64-linux-gnu/libnss_nis-2.19.so
7f8bab283000-7f8bab29a000 r-xp 00000000 08:01 136098                     /lib/x86_64-linux-gnu/libnsl-2.19.so
7f8bab29a000-7f8bab499000 ---p 00017000 08:01 136098                     /lib/x86_64-linux-gnu/libnsl-2.19.so
7f8bab499000-7f8bab49a000 r--p 00016000 08:01 136098                     /lib/x86_64-linux-gnu/libnsl-2.19.so
7f8bab49a000-7f8bab49b000 rw-p 00017000 08:01 136098                     /lib/x86_64-linux-gnu/libnsl-2.19.so
7f8bab49b000-7f8bab49d000 rw-p 00000000 00:00 0 
7f8bab49d000-7f8bab4a6000 r-xp 00000000 08:01 136100                     /lib/x86_64-linux-gnu/libnss_compat-2.19.so
7f8bab4a6000-7f8bab6a5000 ---p 00009000 08:01 136100                     /lib/x86_64-linux-gnu/libnss_compat-2.19.so
7f8bab6a5000-7f8bab6a6000 r--p 00008000 08:01 136100                     /lib/x86_64-linux-gnu/libnss_compat-2.19.so
7f8bab6a6000-7f8bab6a7000 rw-p 00009000 08:01 136100                     /lib/x86_64-linux-gnu/libnss_compat-2.19.so
7f8bab6a7000-7f8bab6d2000 r-xp 00000000 08:01 425826                     /usr/lib/jvm/java-7-openjdk-amd64/jre/lib/amd64/libjava.so
7f8bab6d2000-7f8bab8d2000 ---p 0002b000 08:01 425826                     /usr/lib/jvm/java-7-openjdk-amd64/jre/lib/amd64/libjava.so
7f8bab8d2000-7f8bab8d3000 r--p 0002b000 08:01 425826                     /usr/lib/jvm/java-7-openjdk-amd64/jre/lib/amd64/libjava.so
7f8bab8d3000-7f8bab8d5000 rw-p 0002c000 08:01 425826                     /usr/lib/jvm/java-7-openjdk-amd64/jre/lib/amd64/libjava.so
7f8bab8d5000-7f8bab8e5000 r-xp 00000000 08:01 426057                     /usr/lib/jvm/java-7-openjdk-amd64/jre/lib/amd64/libverify.so
7f8bab8e5000-7f8babae4000 ---p 00010000 08:01 426057                     /usr/lib/jvm/java-7-openjdk-amd64/jre/lib/amd64/libverify.so
7f8babae4000-7f8babae6000 r--p 0000f000 08:01 426057                     /usr/lib/jvm/java-7-openjdk-amd64/jre/lib/amd64/libverify.so
7f8babae6000-7f8babae7000 rw-p 00011000 08:01 426057                     /usr/lib/jvm/java-7-openjdk-amd64/jre/lib/amd64/libverify.so
7f8babae7000-7f8babaee000 r-xp 00000000 08:01 136157                     /lib/x86_64-linux-gnu/librt-2.19.so
7f8babaee000-7f8babced000 ---p 00007000 08:01 136157                     /lib/x86_64-linux-gnu/librt-2.19.so
7f8babced000-7f8babcee000 r--p 00006000 08:01 136157                     /lib/x86_64-linux-gnu/librt-2.19.so
7f8babcee000-7f8babcef000 rw-p 00007000 08:01 136157                     /lib/x86_64-linux-gnu/librt-2.19.so
7f8babcef000-7f8babd05000 r-xp 00000000 08:01 136056                     /lib/x86_64-linux-gnu/libgcc_s.so.1
7f8babd05000-7f8babf04000 ---p 00016000 08:01 136056                     /lib/x86_64-linux-gnu/libgcc_s.so.1
7f8babf04000-7f8babf05000 rw-p 00015000 08:01 136056                     /lib/x86_64-linux-gnu/libgcc_s.so.1
7f8babf05000-7f8bac00a000 r-xp 00000000 08:01 136079                     /lib/x86_64-linux-gnu/libm-2.19.so
7f8bac00a000-7f8bac209000 ---p 00105000 08:01 136079                     /lib/x86_64-linux-gnu/libm-2.19.so
7f8bac209000-7f8bac20a000 r--p 00104000 08:01 136079                     /lib/x86_64-linux-gnu/libm-2.19.so
7f8bac20a000-7f8bac20b000 rw-p 00105000 08:01 136079                     /lib/x86_64-linux-gnu/libm-2.19.so
7f8bac20b000-7f8bac2f1000 r-xp 00000000 08:01 404840                     /usr/lib/x86_64-linux-gnu/libstdc++.so.6.0.19
7f8bac2f1000-7f8bac4f0000 ---p 000e6000 08:01 404840                     /usr/lib/x86_64-linux-gnu/libstdc++.so.6.0.19
7f8bac4f0000-7f8bac4f8000 r--p 000e5000 08:01 404840                     /usr/lib/x86_64-linux-gnu/libstdc++.so.6.0.19
7f8bac4f8000-7f8bac4fa000 rw-p 000ed000 08:01 404840                     /usr/lib/x86_64-linux-gnu/libstdc++.so.6.0.19
7f8bac4fa000-7f8bac50f000 rw-p 00000000 00:00 0 
7f8bac50f000-7f8bad033000 r-xp 00000000 08:01 425832                     /usr/lib/jvm/java-7-openjdk-amd64/jre/lib/amd64/server/libjvm.so
7f8bad033000-7f8bad232000 ---p 00b24000 08:01 425832                     /usr/lib/jvm/java-7-openjdk-amd64/jre/lib/amd64/server/libjvm.so
7f8bad232000-7f8bad2cc000 r--p 00b23000 08:01 425832                     /usr/lib/jvm/java-7-openjdk-amd64/jre/lib/amd64/server/libjvm.so
7f8bad2cc000-7f8bad2ef000 rw-p 00bbd000 08:01 425832                     /usr/lib/jvm/java-7-openjdk-amd64/jre/lib/amd64/server/libjvm.so
7f8bad2ef000-7f8bad31d000 rw-p 00000000 00:00 0 
7f8bad31d000-7f8bad335000 r-xp 00000000 08:01 136192                     /lib/x86_64-linux-gnu/libz.so.1.2.8
7f8bad335000-7f8bad534000 ---p 00018000 08:01 136192                     /lib/x86_64-linux-gnu/libz.so.1.2.8
7f8bad534000-7f8bad535000 r--p 00017000 08:01 136192                     /lib/x86_64-linux-gnu/libz.so.1.2.8
7f8bad535000-7f8bad536000 rw-p 00018000 08:01 136192                     /lib/x86_64-linux-gnu/libz.so.1.2.8
7f8bad536000-7f8bad54f000 r-xp 00000000 08:01 136149                     /lib/x86_64-linux-gnu/libpthread-2.19.so
7f8bad54f000-7f8bad74e000 ---p 00019000 08:01 136149                     /lib/x86_64-linux-gnu/libpthread-2.19.so
7f8bad74e000-7f8bad74f000 r--p 00018000 08:01 136149                     /lib/x86_64-linux-gnu/libpthread-2.19.so
7f8bad74f000-7f8bad750000 rw-p 00019000 08:01 136149                     /lib/x86_64-linux-gnu/libpthread-2.19.so
7f8bad750000-7f8bad754000 rw-p 00000000 00:00 0 
7f8bad754000-7f8bad757000 r-xp 00000000 08:01 136046                     /lib/x86_64-linux-gnu/libdl-2.19.so
7f8bad757000-7f8bad956000 ---p 00003000 08:01 136046                     /lib/x86_64-linux-gnu/libdl-2.19.so
7f8bad956000-7f8bad957000 r--p 00002000 08:01 136046                     /lib/x86_64-linux-gnu/libdl-2.19.so
7f8bad957000-7f8bad958000 rw-p 00003000 08:01 136046                     /lib/x86_64-linux-gnu/libdl-2.19.so
7f8bad958000-7f8badb13000 r-xp 00000000 08:01 136029                     /lib/x86_64-linux-gnu/libc-2.19.so
7f8badb13000-7f8badd12000 ---p 001bb000 08:01 136029                     /lib/x86_64-linux-gnu/libc-2.19.so
7f8badd12000-7f8badd16000 r--p 001ba000 08:01 136029                     /lib/x86_64-linux-gnu/libc-2.19.so
7f8badd16000-7f8badd18000 rw-p 001be000 08:01 136029                     /lib/x86_64-linux-gnu/libc-2.19.so
7f8badd18000-7f8badd1d000 rw-p 00000000 00:00 0 
7f8badd1d000-7f8badd2a000 r-xp 00000000 08:01 426058                     /usr/lib/jvm/java-7-openjdk-amd64/jre/lib/amd64/jli/libjli.so
7f8badd2a000-7f8badf29000 ---p 0000d000 08:01 426058                     /usr/lib/jvm/java-7-openjdk-amd64/jre/lib/amd64/jli/libjli.so
7f8badf29000-7f8badf2a000 r--p 0000c000 08:01 426058                     /usr/lib/jvm/java-7-openjdk-amd64/jre/lib/amd64/jli/libjli.so
7f8badf2a000-7f8badf2b000 rw-p 0000d000 08:01 426058                     /usr/lib/jvm/java-7-openjdk-amd64/jre/lib/amd64/jli/libjli.so
7f8badf2b000-7f8badf4e000 r-xp 00000000 08:01 136005                     /lib/x86_64-linux-gnu/ld-2.19.so
7f8badf55000-7f8badf59000 r--s 00034000 08:01 425803                     /usr/lib/jvm/java-7-openjdk-amd64/jre/lib/ext/sunjce_provider.jar
7f8badf59000-7f8badf5b000 r--s 00006000 08:01 682412                     /usr/share/java/java-atk-wrapper.jar
7f8badf5b000-7f8badf5f000 r--s 00085000 08:01 425801                     /usr/lib/jvm/java-7-openjdk-amd64/jre/lib/ext/localedata.jar
7f8badf5f000-7f8badf7a000 rw-p 00000000 00:00 0 
7f8badf7a000-7f8bae030000 rw-p 00000000 00:00 0 
7f8bae030000-7f8bae033000 ---p 00000000 00:00 0 
7f8bae033000-7f8bae136000 rw-p 00000000 00:00 0                          [stack:17302]
7f8bae137000-7f8bae139000 r--s 00012000 08:01 425800                     /usr/lib/jvm/java-7-openjdk-amd64/jre/lib/ext/zipfs.jar
7f8bae139000-7f8bae13a000 r--s 00002000 08:01 425805                     /usr/lib/jvm/java-7-openjdk-amd64/jre/lib/ext/dnsns.jar
7f8bae13a000-7f8bae13d000 r--s 0000f000 08:01 425802                     /usr/lib/jvm/java-7-openjdk-amd64/jre/lib/ext/icedtea-sound.jar
7f8bae13d000-7f8bae141000 r--s 0003c000 08:01 425804                     /usr/lib/jvm/java-7-openjdk-amd64/jre/lib/ext/sunpkcs11.jar
7f8bae141000-7f8bae149000 rw-s 00000000 08:01 22875                      /tmp/hsperfdata_aszos/17298
7f8bae149000-7f8bae14a000 rw-p 00000000 00:00 0 
7f8bae14a000-7f8bae14b000 r--p 00000000 00:00 0 
7f8bae14b000-7f8bae14d000 rw-p 00000000 00:00 0 
7f8bae14d000-7f8bae14e000 r--p 00022000 08:01 136005                     /lib/x86_64-linux-gnu/ld-2.19.so
7f8bae14e000-7f8bae14f000 rw-p 00023000 08:01 136005                     /lib/x86_64-linux-gnu/ld-2.19.so
7f8bae14f000-7f8bae150000 rw-p 00000000 00:00 0 
7fff71461000-7fff71482000 rw-p 00000000 00:00 0                          [stack]
7fff714ac000-7fff714ae000 r--p 00000000 00:00 0                          [vvar]
7fff714ae000-7fff714b0000 r-xp 00000000 00:00 0                          [vdso]
ffffffffff600000-ffffffffff601000 r-xp 00000000 00:00 0                  [vsyscall]

VM Arguments:
jvm_args: -Dfile.encoding=UTF-8 
java_command: pitstop.Main
Launcher Type: SUN_STANDARD

Environment Variables:
PATH=/usr/local/sbin:/usr/local/bin:/usr/sbin:/usr/bin:/sbin:/bin:/usr/games:/usr/local/games
SHELL=/bin/bash
DISPLAY=:0.0

Signal Handlers:
SIGSEGV: [libjvm.so+0x954820], sa_mask[0]=0x7ffbfeff, sa_flags=0x10000004
SIGBUS: [libjvm.so+0x954820], sa_mask[0]=0x7ffbfeff, sa_flags=0x10000004
SIGFPE: [libjvm.so+0x7cb150], sa_mask[0]=0x7ffbfeff, sa_flags=0x10000004
SIGPIPE: [libjvm.so+0x7cb150], sa_mask[0]=0x7ffbfeff, sa_flags=0x10000004
SIGXFSZ: [libjvm.so+0x7cb150], sa_mask[0]=0x7ffbfeff, sa_flags=0x10000004
SIGILL: [libjvm.so+0x7cb150], sa_mask[0]=0x7ffbfeff, sa_flags=0x10000004
SIGUSR1: SIG_DFL, sa_mask[0]=0x00000000, sa_flags=0x00000000
SIGUSR2: [libjvm.so+0x7caff0], sa_mask[0]=0x00000004, sa_flags=0x10000004
SIGHUP: [libjvm.so+0x7cb1d0], sa_mask[0]=0x7ffbfeff, sa_flags=0x10000004
SIGINT: [libjvm.so+0x7cb1d0], sa_mask[0]=0x7ffbfeff, sa_flags=0x10000004
SIGTERM: [libjvm.so+0x7cb1d0], sa_mask[0]=0x7ffbfeff, sa_flags=0x10000004
SIGQUIT: [libjvm.so+0x7cb1d0], sa_mask[0]=0x7ffbfeff, sa_flags=0x10000004
SIGTRAP: SIG_DFL, sa_mask[0]=0x00000000, sa_flags=0x00000000


---------------  S Y S T E M  ---------------

OS:Ubuntu 14.04 (trusty)
uname:Linux 3.19.0-31-generic #36~14.04.1-Ubuntu SMP Thu Oct 8 10:21:08 UTC 2015 x86_64
libc:glibc 2.19 NPTL 2.19 
rlimit: STACK 8192k, CORE 0k, NPROC 7416, NOFILE 4096, AS infinity
load average:3.70 1.67 1.09

/proc/meminfo:
MemTotal:        1920068 kB
MemFree:          490188 kB
MemAvailable:     529056 kB
Buffers:           17584 kB
Cached:           293264 kB
SwapCached:        28504 kB
Active:          1036964 kB
Inactive:         295168 kB
Active(anon):     917236 kB
Inactive(anon):   218688 kB
Active(file):     119728 kB
Inactive(file):    76480 kB
Unevictable:          16 kB
Mlocked:              16 kB
SwapTotal:       2034684 kB
SwapFree:        1571764 kB
Dirty:               800 kB
Writeback:             0 kB
AnonPages:        949084 kB
Mapped:           112040 kB
Shmem:            114428 kB
Slab:              51120 kB
SReclaimable:      23208 kB
SUnreclaim:        27912 kB
KernelStack:        6480 kB
PageTables:        15632 kB
NFS_Unstable:          0 kB
Bounce:                0 kB
WritebackTmp:          0 kB
CommitLimit:     2994716 kB
Committed_AS:    3768396 kB
VmallocTotal:   34359738367 kB
VmallocUsed:      344848 kB
VmallocChunk:   34359365292 kB
HardwareCorrupted:     0 kB
AnonHugePages:    325632 kB
CmaTotal:              0 kB
CmaFree:               0 kB
HugePages_Total:       0
HugePages_Free:        0
HugePages_Rsvd:        0
HugePages_Surp:        0
Hugepagesize:       2048 kB
DirectMap4k:       94696 kB
DirectMap2M:     1941504 kB
DirectMap1G:           0 kB


CPU:total 2 (2 cores per cpu, 1 threads per core) family 6 model 69 stepping 1, cmov, cx8, fxsr, mmx, sse, sse2, sse3, ssse3, sse4.1, sse4.2, popcnt, erms, tsc, tscinvbit

/proc/cpuinfo:
processor	: 0
vendor_id	: GenuineIntel
cpu family	: 6
model		: 69
model name	: Intel(R) Celeron(R) 2955U @ 1.40GHz
stepping	: 1
microcode	: 0x1c
cpu MHz		: 1400.000
cache size	: 2048 KB
physical id	: 0
siblings	: 2
core id		: 0
cpu cores	: 2
apicid		: 0
initial apicid	: 0
fpu		: yes
fpu_exception	: yes
cpuid level	: 13
wp		: yes
flags		: fpu vme de pse tsc msr pae mce cx8 apic sep mtrr pge mca cmov pat pse36 clflush dts acpi mmx fxsr sse sse2 ss ht tm pbe syscall nx pdpe1gb rdtscp lm constant_tsc arch_perfmon pebs bts rep_good nopl xtopology nonstop_tsc aperfmperf eagerfpu pni pclmulqdq dtes64 monitor ds_cpl vmx est tm2 ssse3 cx16 xtpr pdcm pcid sse4_1 sse4_2 movbe popcnt tsc_deadline_timer xsave rdrand lahf_lm abm arat epb pln pts dtherm tpr_shadow vnmi flexpriority ept vpid fsgsbase tsc_adjust erms invpcid xsaveopt
bugs		:
bogomips	: 2793.46
clflush size	: 64
cache_alignment	: 64
address sizes	: 39 bits physical, 48 bits virtual
power management:

processor	: 1
vendor_id	: GenuineIntel
cpu family	: 6
model		: 69
model name	: Intel(R) Celeron(R) 2955U @ 1.40GHz
stepping	: 1
microcode	: 0x1c
cpu MHz		: 1400.000
cache size	: 2048 KB
physical id	: 0
siblings	: 2
core id		: 1
cpu cores	: 2
apicid		: 2
initial apicid	: 2
fpu		: yes
fpu_exception	: yes
cpuid level	: 13
wp		: yes
flags		: fpu vme de pse tsc msr pae mce cx8 apic sep mtrr pge mca cmov pat pse36 clflush dts acpi mmx fxsr sse sse2 ss ht tm pbe syscall nx pdpe1gb rdtscp lm constant_tsc arch_perfmon pebs bts rep_good nopl xtopology nonstop_tsc aperfmperf eagerfpu pni pclmulqdq dtes64 monitor ds_cpl vmx est tm2 ssse3 cx16 xtpr pdcm pcid sse4_1 sse4_2 movbe popcnt tsc_deadline_timer xsave rdrand lahf_lm abm arat epb pln pts dtherm tpr_shadow vnmi flexpriority ept vpid fsgsbase tsc_adjust erms invpcid xsaveopt
bugs		:
bogomips	: 2793.46
clflush size	: 64
cache_alignment	: 64
address sizes	: 39 bits physical, 48 bits virtual
power management:



Memory: 4k page, physical 1920068k(490536k free), swap 2034684k(1574968k free)

vm_info: OpenJDK 64-Bit Server VM (24.85-b03) for linux-amd64 JRE (1.7.0_85-b01), built on Oct 22 2015 06:46:50 by "buildd" with gcc 4.8.2

time: Sat Oct 31 01:12:53 2015
elapsed time: 6223 seconds

