#
# A fatal error has been detected by the Java Runtime Environment:
#
#  SIGSEGV (0xb) at pc=0x00007ff58bfce17a, pid=17383, tid=140691764573952
#
# JRE version: OpenJDK Runtime Environment (7.0_85-b01) (build 1.7.0_85-b01)
# Java VM: OpenJDK 64-Bit Server VM (24.85-b03 mixed mode linux-amd64 compressed oops)
# Derivative: IcedTea 2.6.1
# Distribution: Ubuntu 14.04 LTS, package 7u85-2.6.1-5ubuntu0.14.04.1
# Problematic frame:
# v  ~BufferBlob::jni_fast_GetLongField
#
# Failed to write core dump. Core dumps have been disabled. To enable core dumping, try "ulimit -c unlimited" before starting Java again
#
# If you would like to submit a bug report, please include
# instructions on how to reproduce the bug and visit:
#   http://icedtea.classpath.org/bugzilla
# The crash happened outside the Java Virtual Machine in native code.
# See problematic frame for where to report the bug.
#

---------------  T H R E A D  ---------------

Current thread (0x00007ff5901f6000):  JavaThread "AWT-XAWT" daemon [_thread_in_native, id=17401, stack(0x00007ff55a967000,0x00007ff55aa68000)]

siginfo:si_signo=SIGSEGV: si_errno=0, si_code=1 (SEGV_MAPERR), si_addr=0x0000000000000000

Registers:
RAX=0x00007ff5957ba140, RBX=0x00007ff5901f61d8, RCX=0x00007ff595c31320, RDX=0x0000000000000042
RSP=0x00007ff55aa667f8, RBP=0x00007ff55aa66820, RSI=0x0000000000000000, RDI=0x00007ff5901f61d8
R8 =0x0000000000000003, R9 =0x0000000000000000, R10=0x0000000000000014, R11=0x00007ff595256f50
R12=0x00007ff54400d0c0, R13=0x0000000000000000, R14=0x00007ff5882abd80, R15=0x00007ff5901f6000
RIP=0x00007ff58bfce17a, EFLAGS=0x0000000000010246, CSGSFS=0x0000000000000033, ERR=0x0000000000000004
  TRAPNO=0x000000000000000e

Top of Stack: (sp=0x00007ff55aa667f8)
0x00007ff55aa667f8:   00007ff58807d714 00000000cc3f9e78
0x00007ff55aa66808:   00007ff54400d0c0 00000000cc3f9e78
0x00007ff55aa66818:   00007ff55aa66908 0000000000000000
0x00007ff55aa66828:   00007ff563b1aae8 00000000cc3f9e78
0x00007ff55aa66838:   00007ff55aa66860 0000000000000000
0x00007ff55aa66848:   00007ff563b129a3 00000000cc3f9e78
0x00007ff55aa66858:   00007ff58807222f 00007ff55aa668d0
0x00007ff55aa66868:   00007ff58bf857f8 00000000cc927478
0x00007ff55aa66878:   0000000000000000 00007ff55aa66898
0x00007ff55aa66888:   00007ff55aa668f8 00007ff55aa66890
0x00007ff55aa66898:   0000000000000000 00007ff55aa66908
0x00007ff55aa668a8:   00000000cc400000 0000000000000000
0x00007ff55aa668b8:   00000000cc3f9e78 0000000000000000
0x00007ff55aa668c8:   00007ff55aa668f0 00007ff55aa66950
0x00007ff55aa668d8:   00007ff58bf79350 00000000f2270da0
0x00007ff55aa668e8:   00007ff58bf81cc0 0000000000000000
0x00007ff55aa668f8:   00007ff55aa66950 00007ff54c002dc0
0x00007ff55aa66908:   00000000f22ccf78 00007ff55aa66910
0x00007ff55aa66918:   00000000cc55962c 00007ff55aa66998
0x00007ff55aa66928:   00000000cc566208 00000000ccc28a98
0x00007ff55aa66938:   00000000cc5597c0 00007ff55aa668f0
0x00007ff55aa66948:   00007ff55aa66990 00007ff55aa669e0
0x00007ff55aa66958:   00007ff58bf79058 0000000000000000
0x00007ff55aa66968:   0000000000000000 0000000000000000
0x00007ff55aa66978:   0000000000000000 0000000000000000
0x00007ff55aa66988:   00000000f22ccf78 deaddeaf00000000
0x00007ff55aa66998:   00000000f22beef0 00007ff55aa669a0
0x00007ff55aa669a8:   00000000cc559425 00007ff55aa669f0
0x00007ff55aa669b8:   00000000cc566208 0000000000000000
0x00007ff55aa669c8:   00000000cc559440 00007ff55aa66990
0x00007ff55aa669d8:   00007ff55aa669f0 00007ff55aa66a38
0x00007ff55aa669e8:   00007ff58bf79706 00000000f22beef0 

Instructions: (pc=0x00007ff58bfce17a)
0x00007ff58bfce15a:   00 00 00 00 00 00 44 8b 15 3d 68 81 09 4c 8b ce
0x00007ff58bfce16a:   41 f6 c2 01 0f 85 2e 00 00 00 4d 33 ca 4d 33 ca
0x00007ff58bfce17a:   4d 8b 09 4c 8b da 49 c1 eb 02 4b 8b 04 19 49 bb
0x00007ff58bfce18a:   a4 49 7e 95 f5 7f 00 00 4c 33 d8 4c 33 d8 45 3b 

Register to memory mapping:

RAX=0x00007ff5957ba140: <offset 0xdc9140> in /usr/lib/jvm/java-7-openjdk-amd64/jre/lib/amd64/server/libjvm.so at 0x00007ff5949f1000
RBX=0x00007ff5901f61d8 is an unknown value
RCX=0x00007ff595c31320: <offset 0x219320> in /lib/x86_64-linux-gnu/libpthread.so.0 at 0x00007ff595a18000
RDX=0x0000000000000042 is an unknown value
RSP=0x00007ff55aa667f8 is pointing into the stack for thread: 0x00007ff5901f6000
RBP=0x00007ff55aa66820 is pointing into the stack for thread: 0x00007ff5901f6000
RSI=0x0000000000000000 is an unknown value
RDI=0x00007ff5901f61d8 is an unknown value
R8 =0x0000000000000003 is an unknown value
R9 =0x0000000000000000 is an unknown value
R10=0x0000000000000014 is an unknown value
R11=0x00007ff595256f50: <offset 0x865f50> in /usr/lib/jvm/java-7-openjdk-amd64/jre/lib/amd64/server/libjvm.so at 0x00007ff5949f1000
R12=0x00007ff54400d0c0 is an unknown value
R13=0x0000000000000000 is an unknown value
R14=0x00007ff5882abd80: <offset 0x24ad80> in /usr/lib/jvm/java-7-openjdk-amd64/jre/lib/amd64/xawt/libmawt.so at 0x00007ff588061000
R15=0x00007ff5901f6000 is a thread


Stack: [0x00007ff55a967000,0x00007ff55aa68000],  sp=0x00007ff55aa667f8,  free space=1021k
Native frames: (J=compiled Java code, j=interpreted, Vv=VM code, C=native code)
v  ~BufferBlob::jni_fast_GetLongField

Java frames: (J=compiled Java code, j=interpreted, Vv=VM code)
j  sun.awt.X11.XlibWrapper.XFilterEvent(JJ)Z+0
j  sun.awt.X11.XToolkit.run(Z)V+300
j  sun.awt.X11.XToolkit.run()V+5
j  java.lang.Thread.run()V+11
v  ~StubRoutines::call_stub

---------------  P R O C E S S  ---------------

Java Threads: ( => current thread )
  0x00007ff544016800 JavaThread "TimerQueue" daemon [_thread_blocked, id=17406, stack(0x00007ff559fe5000,0x00007ff55a0e6000)]
  0x00007ff59000a000 JavaThread "DestroyJavaVM" [_thread_blocked, id=17386, stack(0x00007ff596512000,0x00007ff596613000)]
  0x00007ff54c008000 JavaThread "AWT-EventQueue-0" [_thread_blocked, id=17405, stack(0x00007ff55a0e6000,0x00007ff55a1e7000)]
  0x00007ff5902a3000 JavaThread "AWT-Shutdown" [_thread_blocked, id=17404, stack(0x00007ff55a1e7000,0x00007ff55a2e8000)]
=>0x00007ff5901f6000 JavaThread "AWT-XAWT" daemon [_thread_in_native, id=17401, stack(0x00007ff55a967000,0x00007ff55aa68000)]
  0x00007ff5901d1800 JavaThread "Java2D Disposer" daemon [_thread_blocked, id=17400, stack(0x00007ff5600b2000,0x00007ff5601b3000)]
  0x00007ff5900ac000 JavaThread "Service Thread" daemon [_thread_blocked, id=17398, stack(0x00007ff58867f000,0x00007ff588780000)]
  0x00007ff5900a9800 JavaThread "C2 CompilerThread1" daemon [_thread_blocked, id=17397, stack(0x00007ff588780000,0x00007ff588881000)]
  0x00007ff5900a6800 JavaThread "C2 CompilerThread0" daemon [_thread_blocked, id=17396, stack(0x00007ff588881000,0x00007ff588982000)]
  0x00007ff5900a4800 JavaThread "Signal Dispatcher" daemon [_thread_in_vm, id=17395, stack(0x00007ff588982000,0x00007ff588a83000)]
  0x00007ff590077800 JavaThread "Finalizer" daemon [_thread_blocked, id=17394, stack(0x00007ff589165000,0x00007ff589266000)]
  0x00007ff590075800 JavaThread "Reference Handler" daemon [_thread_blocked, id=17393, stack(0x00007ff589266000,0x00007ff589367000)]

Other Threads:
  0x00007ff590071000 VMThread [stack: 0x00007ff589367000,0x00007ff589468000] [id=17392]
  0x00007ff5900b6800 WatcherThread [stack: 0x00007ff58857e000,0x00007ff58867f000] [id=17399]

VM state:not at safepoint (normal execution)

VM Mutex/Monitor currently owned by a thread:  ([mutex/lock_event])
[0x00007ff590006340] Threads_lock - owner thread: 0x00007ff5900a4800

Heap
 PSYoungGen      total 9216K, used 6434K [0x00000000f2200000, 0x00000000f2c00000, 0x0000000100000000)
  eden space 8192K, 78% used [0x00000000f2200000,0x00000000f2848938,0x00000000f2a00000)
  from space 1024K, 0% used [0x00000000f2b00000,0x00000000f2b00000,0x00000000f2c00000)
  to   space 1024K, 0% used [0x00000000f2a00000,0x00000000f2a00000,0x00000000f2b00000)
 ParOldGen       total 19968K, used 0K [0x00000000d6600000, 0x00000000d7980000, 0x00000000f2200000)
  object space 19968K, 0% used [0x00000000d6600000,0x00000000d6600000,0x00000000d7980000)
 PSPermGen       total 21504K, used 12495K [0x00000000cc000000, 0x00000000cd500000, 0x00000000d6600000)
  object space 21504K, 58% used [0x00000000cc000000,0x00000000ccc33f68,0x00000000cd500000)

Card table byte_map: [0x00007ff594030000,0x00007ff5941d1000] byte_map_base: 0x00007ff5939d0000

Polling page: 0x00007ff59662c000

Code Cache  [0x00007ff58bf73000, 0x00007ff58c1e3000, 0x00007ff58ef73000)
 total_blobs=539 nmethods=65 adapters=428 free_code_cache=48511Kb largest_free_block=49640448

Compilation events (10 events):
Event: 3831.848 Thread 0x00007ff5900a6800   61             sun.awt.X11.XAnyEvent::get_window (20 bytes)
Event: 3831.861 Thread 0x00007ff5900a6800 nmethod 61 0x00007ff58c00ba90 code [0x00007ff58c00bc00, 0x00007ff58c00bdb8]
Event: 4575.824 Thread 0x00007ff5900a9800   62   !         sun.awt.X11.XToolkit::windowToXWindow (27 bytes)
Event: 4575.824 Thread 0x00007ff5900a6800   63             java.util.TreeMap::get (19 bytes)
Event: 4575.846 Thread 0x00007ff5900a6800 nmethod 63 0x00007ff58c009b90 code [0x00007ff58c009ce0, 0x00007ff58c009e38]
Event: 4575.850 Thread 0x00007ff5900a9800 nmethod 62 0x00007ff58c00d910 code [0x00007ff58c00da80, 0x00007ff58c00e018]
Event: 5054.882 Thread 0x00007ff5900a6800   64 % !         sun.awt.X11.XToolkit::run @ 59 (410 bytes)
Event: 5055.204 Thread 0x00007ff5900a6800 nmethod 64% 0x00007ff58c014510 code [0x00007ff58c014b60, 0x00007ff58c017770]
Event: 5237.969 Thread 0x00007ff5900a9800   65             java.util.HashMap::get (29 bytes)
Event: 5237.979 Thread 0x00007ff5900a9800 nmethod 65 0x00007ff58c00b450 code [0x00007ff58c00b5c0, 0x00007ff58c00b7c8]

GC Heap History (0 events):
No events

Deoptimization events (5 events):
Event: 2.542 Thread 0x00007ff54c008000 Uncommon trap: reason=class_check action=maybe_recompile pc=0x00007ff58bfee394 method=java.lang.String.equals(Ljava/lang/Object;)Z @ 8
Event: 2.543 Thread 0x00007ff54c008000 Uncommon trap: reason=class_check action=maybe_recompile pc=0x00007ff58bfee394 method=java.lang.String.equals(Ljava/lang/Object;)Z @ 8
Event: 4.440 Thread 0x00007ff54c008000 Uncommon trap: reason=class_check action=maybe_recompile pc=0x00007ff58bfee394 method=java.lang.String.equals(Ljava/lang/Object;)Z @ 8
Event: 4.440 Thread 0x00007ff54c008000 Uncommon trap: reason=class_check action=maybe_recompile pc=0x00007ff58bfee394 method=java.lang.String.equals(Ljava/lang/Object;)Z @ 8
Event: 6103.035 Thread 0x00007ff5901f6000 Uncommon trap: reason=null_check action=make_not_entrant pc=0x00007ff58c016fc8 method=sun.awt.X11.XToolkit.dispatchEvent(Lsun/awt/X11/XEvent;)V @ 99

Internal exceptions (10 events):
Event: 0.968 Thread 0x00007ff59000a000 Threw 0x00000000f244a7d0 at /build/openjdk-7-65SuYz/openjdk-7-7u85-2.6.1/build/openjdk/hotspot/src/share/vm/prims/jvm.cpp:1322
Event: 0.969 Thread 0x00007ff59000a000 Threw 0x00000000f244c9b0 at /build/openjdk-7-65SuYz/openjdk-7-7u85-2.6.1/build/openjdk/hotspot/src/share/vm/prims/jvm.cpp:1322
Event: 1.321 Thread 0x00007ff54c008000 Threw 0x00000000f24a0af8 at /build/openjdk-7-65SuYz/openjdk-7-7u85-2.6.1/build/openjdk/hotspot/src/share/vm/prims/jni.cpp:747
Event: 3.470 Thread 0x00007ff54c008000 Threw 0x00000000f25c5ad8 at /build/openjdk-7-65SuYz/openjdk-7-7u85-2.6.1/build/openjdk/hotspot/src/share/vm/prims/jni.cpp:747
Event: 7.254 Thread 0x00007ff54c008000 Threw 0x00000000f262ca30 at /build/openjdk-7-65SuYz/openjdk-7-7u85-2.6.1/build/openjdk/hotspot/src/share/vm/prims/jvm.cpp:1322
Event: 7.255 Thread 0x00007ff54c008000 Threw 0x00000000f262d988 at /build/openjdk-7-65SuYz/openjdk-7-7u85-2.6.1/build/openjdk/hotspot/src/share/vm/prims/jvm.cpp:1322
Event: 7.256 Thread 0x00007ff54c008000 Threw 0x00000000f2630498 at /build/openjdk-7-65SuYz/openjdk-7-7u85-2.6.1/build/openjdk/hotspot/src/share/vm/prims/jvm.cpp:1322
Event: 7.256 Thread 0x00007ff54c008000 Threw 0x00000000f2631380 at /build/openjdk-7-65SuYz/openjdk-7-7u85-2.6.1/build/openjdk/hotspot/src/share/vm/prims/jvm.cpp:1322
Event: 10.321 Thread 0x00007ff54c008000 Threw 0x00000000f27381f0 at /build/openjdk-7-65SuYz/openjdk-7-7u85-2.6.1/build/openjdk/hotspot/src/share/vm/prims/jni.cpp:747
Event: 6103.033 Thread 0x00007ff5901f6000 Implicit null exception at 0x00007ff58c015607 to 0x00007ff58c016fb1

Events (10 events):
Event: 26.578 loading class 0x00007ff570132f90 done
Event: 1036.602 loading class 0x00007ff570044b80
Event: 1036.629 loading class 0x00007ff570044b80 done
Event: 1036.630 loading class 0x00007ff57001b180
Event: 1036.634 loading class 0x00007ff57001b180 done
Event: 6103.033 Thread 0x00007ff5901f6000 Uncommon trap: trap_request=0xfffffff4 fr.pc=0x00007ff58c016fc8
Event: 6103.036 Thread 0x00007ff5901f6000 DEOPT PACKING pc=0x00007ff58c016fc8 sp=0x00007ff55aa66920
Event: 6103.038 Thread 0x00007ff5901f6000 DEOPT UNPACKING pc=0x00007ff58bfac045 sp=0x00007ff55aa66860 mode 2
Event: 6116.645 loading class 0x00007ff570011a20
Event: 6117.812 loading class 0x00007ff570011a20 done


Dynamic libraries:
00400000-00401000 r-xp 00000000 08:01 425789                             /usr/lib/jvm/java-7-openjdk-amd64/jre/bin/java
00600000-00601000 r--p 00000000 08:01 425789                             /usr/lib/jvm/java-7-openjdk-amd64/jre/bin/java
00601000-00602000 rw-p 00001000 08:01 425789                             /usr/lib/jvm/java-7-openjdk-amd64/jre/bin/java
01b16000-01b37000 rw-p 00000000 00:00 0                                  [heap]
cc000000-cd500000 rw-p 00000000 00:00 0 
cd500000-d6600000 rw-p 00000000 00:00 0 
d6600000-d7980000 rw-p 00000000 00:00 0 
d7980000-f2200000 rw-p 00000000 00:00 0 
f2200000-f2c00000 rw-p 00000000 00:00 0 
f2c00000-100000000 rw-p 00000000 00:00 0 
7ff544000000-7ff544078000 rw-p 00000000 00:00 0 
7ff544078000-7ff548000000 ---p 00000000 00:00 0 
7ff54c000000-7ff54c024000 rw-p 00000000 00:00 0 
7ff54c024000-7ff550000000 ---p 00000000 00:00 0 
7ff550000000-7ff550021000 rw-p 00000000 00:00 0 
7ff550021000-7ff554000000 ---p 00000000 00:00 0 
7ff554000000-7ff554021000 rw-p 00000000 00:00 0 
7ff554021000-7ff558000000 ---p 00000000 00:00 0 
7ff559ee4000-7ff559ee7000 ---p 00000000 00:00 0 
7ff559ee7000-7ff559fe5000 rw-p 00000000 00:00 0 
7ff559fe5000-7ff559fe8000 ---p 00000000 00:00 0 
7ff559fe8000-7ff55a0e6000 rw-p 00000000 00:00 0                          [stack:17406]
7ff55a0e6000-7ff55a0e9000 ---p 00000000 00:00 0 
7ff55a0e9000-7ff55a1e7000 rw-p 00000000 00:00 0                          [stack:17405]
7ff55a1e7000-7ff55a1ea000 ---p 00000000 00:00 0 
7ff55a1ea000-7ff55a2e8000 rw-p 00000000 00:00 0                          [stack:17404]
7ff55a2e8000-7ff55a2f8000 r-xp 00000000 08:01 425814                     /usr/lib/jvm/java-7-openjdk-amd64/jre/lib/amd64/libnio.so
7ff55a2f8000-7ff55a4f8000 ---p 00010000 08:01 425814                     /usr/lib/jvm/java-7-openjdk-amd64/jre/lib/amd64/libnio.so
7ff55a4f8000-7ff55a4f9000 r--p 00010000 08:01 425814                     /usr/lib/jvm/java-7-openjdk-amd64/jre/lib/amd64/libnio.so
7ff55a4f9000-7ff55a4fa000 rw-p 00011000 08:01 425814                     /usr/lib/jvm/java-7-openjdk-amd64/jre/lib/amd64/libnio.so
7ff55a4fa000-7ff55a511000 r-xp 00000000 08:01 426081                     /usr/lib/jvm/java-7-openjdk-amd64/jre/lib/amd64/libnet.so
7ff55a511000-7ff55a710000 ---p 00017000 08:01 426081                     /usr/lib/jvm/java-7-openjdk-amd64/jre/lib/amd64/libnet.so
7ff55a710000-7ff55a711000 r--p 00016000 08:01 426081                     /usr/lib/jvm/java-7-openjdk-amd64/jre/lib/amd64/libnet.so
7ff55a711000-7ff55a712000 rw-p 00017000 08:01 426081                     /usr/lib/jvm/java-7-openjdk-amd64/jre/lib/amd64/libnet.so
7ff55a712000-7ff55a764000 r-xp 00000000 08:01 425823                     /usr/lib/jvm/java-7-openjdk-amd64/jre/lib/amd64/libfontmanager.so
7ff55a764000-7ff55a963000 ---p 00052000 08:01 425823                     /usr/lib/jvm/java-7-openjdk-amd64/jre/lib/amd64/libfontmanager.so
7ff55a963000-7ff55a966000 r--p 00051000 08:01 425823                     /usr/lib/jvm/java-7-openjdk-amd64/jre/lib/amd64/libfontmanager.so
7ff55a966000-7ff55a967000 rw-p 00054000 08:01 425823                     /usr/lib/jvm/java-7-openjdk-amd64/jre/lib/amd64/libfontmanager.so
7ff55a967000-7ff55a96a000 ---p 00000000 00:00 0 
7ff55a96a000-7ff55aa68000 rw-p 00000000 00:00 0                          [stack:17401]
7ff55aa68000-7ff55aa6d000 r-xp 00000000 08:01 403951                     /usr/lib/x86_64-linux-gnu/libXfixes.so.3.1.0
7ff55aa6d000-7ff55ac6c000 ---p 00005000 08:01 403951                     /usr/lib/x86_64-linux-gnu/libXfixes.so.3.1.0
7ff55ac6c000-7ff55ac6d000 r--p 00004000 08:01 403951                     /usr/lib/x86_64-linux-gnu/libXfixes.so.3.1.0
7ff55ac6d000-7ff55ac6e000 rw-p 00005000 08:01 403951                     /usr/lib/x86_64-linux-gnu/libXfixes.so.3.1.0
7ff55ac6e000-7ff55ac77000 r-xp 00000000 08:01 403943                     /usr/lib/x86_64-linux-gnu/libXcursor.so.1.0.2
7ff55ac77000-7ff55ae76000 ---p 00009000 08:01 403943                     /usr/lib/x86_64-linux-gnu/libXcursor.so.1.0.2
7ff55ae76000-7ff55ae77000 r--p 00008000 08:01 403943                     /usr/lib/x86_64-linux-gnu/libXcursor.so.1.0.2
7ff55ae77000-7ff55ae78000 rw-p 00009000 08:01 403943                     /usr/lib/x86_64-linux-gnu/libXcursor.so.1.0.2
7ff55ae78000-7ff55ae7c000 r-xp 00000000 08:01 136062                     /lib/x86_64-linux-gnu/libgpg-error.so.0.10.0
7ff55ae7c000-7ff55b07b000 ---p 00004000 08:01 136062                     /lib/x86_64-linux-gnu/libgpg-error.so.0.10.0
7ff55b07b000-7ff55b07c000 r--p 00003000 08:01 136062                     /lib/x86_64-linux-gnu/libgpg-error.so.0.10.0
7ff55b07c000-7ff55b07d000 rw-p 00004000 08:01 136062                     /lib/x86_64-linux-gnu/libgpg-error.so.0.10.0
7ff55b07d000-7ff55b07f000 r-xp 00000000 08:01 136072                     /lib/x86_64-linux-gnu/libkeyutils.so.1.4
7ff55b07f000-7ff55b27f000 ---p 00002000 08:01 136072                     /lib/x86_64-linux-gnu/libkeyutils.so.1.4
7ff55b27f000-7ff55b280000 r--p 00002000 08:01 136072                     /lib/x86_64-linux-gnu/libkeyutils.so.1.4
7ff55b280000-7ff55b281000 rw-p 00003000 08:01 136072                     /lib/x86_64-linux-gnu/libkeyutils.so.1.4
7ff55b281000-7ff55b2be000 r-xp 00000000 08:01 136132                     /lib/x86_64-linux-gnu/libpcre.so.3.13.1
7ff55b2be000-7ff55b4bd000 ---p 0003d000 08:01 136132                     /lib/x86_64-linux-gnu/libpcre.so.3.13.1
7ff55b4bd000-7ff55b4be000 r--p 0003c000 08:01 136132                     /lib/x86_64-linux-gnu/libpcre.so.3.13.1
7ff55b4be000-7ff55b4bf000 rw-p 0003d000 08:01 136132                     /lib/x86_64-linux-gnu/libpcre.so.3.13.1
7ff55b4bf000-7ff55b4e4000 r-xp 00000000 08:01 136144                     /lib/x86_64-linux-gnu/libpng12.so.0.50.0
7ff55b4e4000-7ff55b6e3000 ---p 00025000 08:01 136144                     /lib/x86_64-linux-gnu/libpng12.so.0.50.0
7ff55b6e3000-7ff55b6e4000 r--p 00024000 08:01 136144                     /lib/x86_64-linux-gnu/libpng12.so.0.50.0
7ff55b6e4000-7ff55b6e5000 rw-p 00025000 08:01 136144                     /lib/x86_64-linux-gnu/libpng12.so.0.50.0
7ff55b6e5000-7ff55b729000 r-xp 00000000 08:01 136043                     /lib/x86_64-linux-gnu/libdbus-1.so.3.7.6
7ff55b729000-7ff55b928000 ---p 00044000 08:01 136043                     /lib/x86_64-linux-gnu/libdbus-1.so.3.7.6
7ff55b928000-7ff55b929000 r--p 00043000 08:01 136043                     /lib/x86_64-linux-gnu/libdbus-1.so.3.7.6
7ff55b929000-7ff55b92a000 rw-p 00044000 08:01 136043                     /lib/x86_64-linux-gnu/libdbus-1.so.3.7.6
7ff55b92a000-7ff55b965000 r-xp 00000000 08:01 404663                     /usr/lib/x86_64-linux-gnu/libp11-kit.so.0.0.0
7ff55b965000-7ff55bb64000 ---p 0003b000 08:01 404663                     /usr/lib/x86_64-linux-gnu/libp11-kit.so.0.0.0
7ff55bb64000-7ff55bb6a000 r--p 0003a000 08:01 404663                     /usr/lib/x86_64-linux-gnu/libp11-kit.so.0.0.0
7ff55bb6a000-7ff55bb6c000 rw-p 00040000 08:01 404663                     /usr/lib/x86_64-linux-gnu/libp11-kit.so.0.0.0
7ff55bb6c000-7ff55bb7e000 r-xp 00000000 08:01 404846                     /usr/lib/x86_64-linux-gnu/libtasn1.so.6.2.0
7ff55bb7e000-7ff55bd7e000 ---p 00012000 08:01 404846                     /usr/lib/x86_64-linux-gnu/libtasn1.so.6.2.0
7ff55bd7e000-7ff55bd7f000 r--p 00012000 08:01 404846                     /usr/lib/x86_64-linux-gnu/libtasn1.so.6.2.0
7ff55bd7f000-7ff55bd80000 rw-p 00013000 08:01 404846                     /usr/lib/x86_64-linux-gnu/libtasn1.so.6.2.0
7ff55bd80000-7ff55bdfc000 r-xp 00000000 08:01 136058                     /lib/x86_64-linux-gnu/libgcrypt.so.11.8.2
7ff55bdfc000-7ff55bffc000 ---p 0007c000 08:01 136058                     /lib/x86_64-linux-gnu/libgcrypt.so.11.8.2
7ff55bffc000-7ff55bffd000 r--p 0007c000 08:01 136058                     /lib/x86_64-linux-gnu/libgcrypt.so.11.8.2
7ff55bffd000-7ff55c000000 rw-p 0007d000 08:01 136058                     /lib/x86_64-linux-gnu/libgcrypt.so.11.8.2
7ff55c000000-7ff55c021000 rw-p 00000000 00:00 0 
7ff55c021000-7ff560000000 ---p 00000000 00:00 0 
7ff5600b2000-7ff5600b5000 ---p 00000000 00:00 0 
7ff5600b5000-7ff5601b3000 rw-p 00000000 00:00 0                          [stack:17400]
7ff5601b3000-7ff5601bd000 r-xp 00000000 08:01 404546                     /usr/lib/x86_64-linux-gnu/libkrb5support.so.0.1
7ff5601bd000-7ff5603bc000 ---p 0000a000 08:01 404546                     /usr/lib/x86_64-linux-gnu/libkrb5support.so.0.1
7ff5603bc000-7ff5603bd000 r--p 00009000 08:01 404546                     /usr/lib/x86_64-linux-gnu/libkrb5support.so.0.1
7ff5603bd000-7ff5603be000 rw-p 0000a000 08:01 404546                     /usr/lib/x86_64-linux-gnu/libkrb5support.so.0.1
7ff5603be000-7ff5603c1000 r-xp 00000000 08:01 130937                     /lib/x86_64-linux-gnu/libcom_err.so.2.1
7ff5603c1000-7ff5605c0000 ---p 00003000 08:01 130937                     /lib/x86_64-linux-gnu/libcom_err.so.2.1
7ff5605c0000-7ff5605c1000 r--p 00002000 08:01 130937                     /lib/x86_64-linux-gnu/libcom_err.so.2.1
7ff5605c1000-7ff5605c2000 rw-p 00003000 08:01 130937                     /lib/x86_64-linux-gnu/libcom_err.so.2.1
7ff5605c2000-7ff5605ee000 r-xp 00000000 08:01 404540                     /usr/lib/x86_64-linux-gnu/libk5crypto.so.3.1
7ff5605ee000-7ff5607ed000 ---p 0002c000 08:01 404540                     /usr/lib/x86_64-linux-gnu/libk5crypto.so.3.1
7ff5607ed000-7ff5607ef000 r--p 0002b000 08:01 404540                     /usr/lib/x86_64-linux-gnu/libk5crypto.so.3.1
7ff5607ef000-7ff5607f0000 rw-p 0002d000 08:01 404540                     /usr/lib/x86_64-linux-gnu/libk5crypto.so.3.1
7ff5607f0000-7ff5607f1000 rw-p 00000000 00:00 0 
7ff5607f1000-7ff5608ad000 r-xp 00000000 08:01 404544                     /usr/lib/x86_64-linux-gnu/libkrb5.so.3.3
7ff5608ad000-7ff560aad000 ---p 000bc000 08:01 404544                     /usr/lib/x86_64-linux-gnu/libkrb5.so.3.3
7ff560aad000-7ff560aba000 r--p 000bc000 08:01 404544                     /usr/lib/x86_64-linux-gnu/libkrb5.so.3.3
7ff560aba000-7ff560abc000 rw-p 000c9000 08:01 404544                     /usr/lib/x86_64-linux-gnu/libkrb5.so.3.3
7ff560abc000-7ff560ac1000 r-xp 00000000 08:01 403947                     /usr/lib/x86_64-linux-gnu/libXdmcp.so.6.0.0
7ff560ac1000-7ff560cc0000 ---p 00005000 08:01 403947                     /usr/lib/x86_64-linux-gnu/libXdmcp.so.6.0.0
7ff560cc0000-7ff560cc1000 r--p 00004000 08:01 403947                     /usr/lib/x86_64-linux-gnu/libXdmcp.so.6.0.0
7ff560cc1000-7ff560cc2000 rw-p 00005000 08:01 403947                     /usr/lib/x86_64-linux-gnu/libXdmcp.so.6.0.0
7ff560cc2000-7ff560cc4000 r-xp 00000000 08:01 403936                     /usr/lib/x86_64-linux-gnu/libXau.so.6.0.0
7ff560cc4000-7ff560ec4000 ---p 00002000 08:01 403936                     /usr/lib/x86_64-linux-gnu/libXau.so.6.0.0
7ff560ec4000-7ff560ec5000 r--p 00002000 08:01 403936                     /usr/lib/x86_64-linux-gnu/libXau.so.6.0.0
7ff560ec5000-7ff560ec6000 rw-p 00003000 08:01 403936                     /usr/lib/x86_64-linux-gnu/libXau.so.6.0.0
7ff560ec6000-7ff560ecd000 r-xp 00000000 08:01 404218                     /usr/lib/x86_64-linux-gnu/libffi.so.6.0.1
7ff560ecd000-7ff5610cc000 ---p 00007000 08:01 404218                     /usr/lib/x86_64-linux-gnu/libffi.so.6.0.1
7ff5610cc000-7ff5610cd000 r--p 00006000 08:01 404218                     /usr/lib/x86_64-linux-gnu/libffi.so.6.0.1
7ff5610cd000-7ff5610ce000 rw-p 00007000 08:01 404218                     /usr/lib/x86_64-linux-gnu/libffi.so.6.0.1
7ff5610ce000-7ff5610e5000 r-xp 00000000 08:01 136155                     /lib/x86_64-linux-gnu/libresolv-2.19.so
7ff5610e5000-7ff5612e5000 ---p 00017000 08:01 136155                     /lib/x86_64-linux-gnu/libresolv-2.19.so
7ff5612e5000-7ff5612e6000 r--p 00017000 08:01 136155                     /lib/x86_64-linux-gnu/libresolv-2.19.so
7ff5612e6000-7ff5612e7000 rw-p 00018000 08:01 136155                     /lib/x86_64-linux-gnu/libresolv-2.19.so
7ff5612e7000-7ff5612e9000 rw-p 00000000 00:00 0 
7ff5612e9000-7ff561309000 r-xp 00000000 08:01 136159                     /lib/x86_64-linux-gnu/libselinux.so.1
7ff561309000-7ff561508000 ---p 00020000 08:01 136159                     /lib/x86_64-linux-gnu/libselinux.so.1
7ff561508000-7ff561509000 r--p 0001f000 08:01 136159                     /lib/x86_64-linux-gnu/libselinux.so.1
7ff561509000-7ff56150a000 rw-p 00020000 08:01 136159                     /lib/x86_64-linux-gnu/libselinux.so.1
7ff56150a000-7ff56150c000 rw-p 00000000 00:00 0 
7ff56150c000-7ff561612000 r-xp 00000000 08:01 136060                     /lib/x86_64-linux-gnu/libglib-2.0.so.0.4002.0
7ff561612000-7ff561811000 ---p 00106000 08:01 136060                     /lib/x86_64-linux-gnu/libglib-2.0.so.0.4002.0
7ff561811000-7ff561812000 r--p 00105000 08:01 136060                     /lib/x86_64-linux-gnu/libglib-2.0.so.0.4002.0
7ff561812000-7ff561813000 rw-p 00106000 08:01 136060                     /lib/x86_64-linux-gnu/libglib-2.0.so.0.4002.0
7ff561813000-7ff561814000 rw-p 00000000 00:00 0 
7ff561814000-7ff561817000 r-xp 00000000 08:01 404331                     /usr/lib/x86_64-linux-gnu/libgmodule-2.0.so.0.4002.0
7ff561817000-7ff561a16000 ---p 00003000 08:01 404331                     /usr/lib/x86_64-linux-gnu/libgmodule-2.0.so.0.4002.0
7ff561a16000-7ff561a17000 r--p 00002000 08:01 404331                     /usr/lib/x86_64-linux-gnu/libgmodule-2.0.so.0.4002.0
7ff561a17000-7ff561a18000 rw-p 00003000 08:01 404331                     /usr/lib/x86_64-linux-gnu/libgmodule-2.0.so.0.4002.0
7ff561a18000-7ff561a3f000 r-xp 00000000 08:01 130943                     /lib/x86_64-linux-gnu/libexpat.so.1.6.0
7ff561a3f000-7ff561c3f000 ---p 00027000 08:01 130943                     /lib/x86_64-linux-gnu/libexpat.so.1.6.0
7ff561c3f000-7ff561c41000 r--p 00027000 08:01 130943                     /lib/x86_64-linux-gnu/libexpat.so.1.6.0
7ff561c41000-7ff561c42000 rw-p 00029000 08:01 130943                     /lib/x86_64-linux-gnu/libexpat.so.1.6.0
7ff561c42000-7ff561cdf000 r-xp 00000000 08:01 402850                     /usr/lib/x86_64-linux-gnu/libfreetype.so.6.11.1
7ff561cdf000-7ff561ede000 ---p 0009d000 08:01 402850                     /usr/lib/x86_64-linux-gnu/libfreetype.so.6.11.1
7ff561ede000-7ff561ee4000 r--p 0009c000 08:01 402850                     /usr/lib/x86_64-linux-gnu/libfreetype.so.6.11.1
7ff561ee4000-7ff561ee5000 rw-p 000a2000 08:01 402850                     /usr/lib/x86_64-linux-gnu/libfreetype.so.6.11.1
7ff561ee5000-7ff561ef4000 r-xp 00000000 08:01 404040                     /usr/lib/x86_64-linux-gnu/libavahi-client.so.3.2.9
7ff561ef4000-7ff5620f4000 ---p 0000f000 08:01 404040                     /usr/lib/x86_64-linux-gnu/libavahi-client.so.3.2.9
7ff5620f4000-7ff5620f5000 r--p 0000f000 08:01 404040                     /usr/lib/x86_64-linux-gnu/libavahi-client.so.3.2.9
7ff5620f5000-7ff5620f6000 rw-p 00010000 08:01 404040                     /usr/lib/x86_64-linux-gnu/libavahi-client.so.3.2.9
7ff5620f6000-7ff562101000 r-xp 00000000 08:01 404042                     /usr/lib/x86_64-linux-gnu/libavahi-common.so.3.5.3
7ff562101000-7ff562300000 ---p 0000b000 08:01 404042                     /usr/lib/x86_64-linux-gnu/libavahi-common.so.3.5.3
7ff562300000-7ff562301000 r--p 0000a000 08:01 404042                     /usr/lib/x86_64-linux-gnu/libavahi-common.so.3.5.3
7ff562301000-7ff562302000 rw-p 0000b000 08:01 404042                     /usr/lib/x86_64-linux-gnu/libavahi-common.so.3.5.3
7ff562302000-7ff5623b8000 r-xp 00000000 08:01 404343                     /usr/lib/x86_64-linux-gnu/libgnutls.so.26.22.6
7ff5623b8000-7ff5625b8000 ---p 000b6000 08:01 404343                     /usr/lib/x86_64-linux-gnu/libgnutls.so.26.22.6
7ff5625b8000-7ff5625be000 r--p 000b6000 08:01 404343                     /usr/lib/x86_64-linux-gnu/libgnutls.so.26.22.6
7ff5625be000-7ff5625bf000 rw-p 000bc000 08:01 404343                     /usr/lib/x86_64-linux-gnu/libgnutls.so.26.22.6
7ff5625bf000-7ff5625c0000 rw-p 00000000 00:00 0 
7ff5625c0000-7ff562603000 r-xp 00000000 08:01 404374                     /usr/lib/x86_64-linux-gnu/libgssapi_krb5.so.2.2
7ff562603000-7ff562803000 ---p 00043000 08:01 404374                     /usr/lib/x86_64-linux-gnu/libgssapi_krb5.so.2.2
7ff562803000-7ff562804000 r--p 00043000 08:01 404374                     /usr/lib/x86_64-linux-gnu/libgssapi_krb5.so.2.2
7ff562804000-7ff562806000 rw-p 00044000 08:01 404374                     /usr/lib/x86_64-linux-gnu/libgssapi_krb5.so.2.2
7ff562806000-7ff562823000 r-xp 00000000 08:01 405002                     /usr/lib/x86_64-linux-gnu/libxcb.so.1.1.0
7ff562823000-7ff562a23000 ---p 0001d000 08:01 405002                     /usr/lib/x86_64-linux-gnu/libxcb.so.1.1.0
7ff562a23000-7ff562a24000 r--p 0001d000 08:01 405002                     /usr/lib/x86_64-linux-gnu/libxcb.so.1.1.0
7ff562a24000-7ff562a25000 rw-p 0001e000 08:01 405002                     /usr/lib/x86_64-linux-gnu/libxcb.so.1.1.0
7ff562a25000-7ff562a74000 r-xp 00000000 08:01 404347                     /usr/lib/x86_64-linux-gnu/libgobject-2.0.so.0.4002.0
7ff562a74000-7ff562c74000 ---p 0004f000 08:01 404347                     /usr/lib/x86_64-linux-gnu/libgobject-2.0.so.0.4002.0
7ff562c74000-7ff562c75000 r--p 0004f000 08:01 404347                     /usr/lib/x86_64-linux-gnu/libgobject-2.0.so.0.4002.0
7ff562c75000-7ff562c76000 rw-p 00050000 08:01 404347                     /usr/lib/x86_64-linux-gnu/libgobject-2.0.so.0.4002.0
7ff562c76000-7ff562de2000 r-xp 00000000 08:01 404319                     /usr/lib/x86_64-linux-gnu/libgio-2.0.so.0.4002.0
7ff562de2000-7ff562fe1000 ---p 0016c000 08:01 404319                     /usr/lib/x86_64-linux-gnu/libgio-2.0.so.0.4002.0
7ff562fe1000-7ff562fe5000 r--p 0016b000 08:01 404319                     /usr/lib/x86_64-linux-gnu/libgio-2.0.so.0.4002.0
7ff562fe5000-7ff562fe7000 rw-p 0016f000 08:01 404319                     /usr/lib/x86_64-linux-gnu/libgio-2.0.so.0.4002.0
7ff562fe7000-7ff562fe9000 rw-p 00000000 00:00 0 
7ff562fe9000-7ff563023000 r-xp 00000000 08:01 404232                     /usr/lib/x86_64-linux-gnu/libfontconfig.so.1.8.0
7ff563023000-7ff563222000 ---p 0003a000 08:01 404232                     /usr/lib/x86_64-linux-gnu/libfontconfig.so.1.8.0
7ff563222000-7ff563224000 r--p 00039000 08:01 404232                     /usr/lib/x86_64-linux-gnu/libfontconfig.so.1.8.0
7ff563224000-7ff563225000 rw-p 0003b000 08:01 404232                     /usr/lib/x86_64-linux-gnu/libfontconfig.so.1.8.0
7ff563225000-7ff563291000 r-xp 00000000 08:01 404125                     /usr/lib/x86_64-linux-gnu/libcups.so.2
7ff563291000-7ff563491000 ---p 0006c000 08:01 404125                     /usr/lib/x86_64-linux-gnu/libcups.so.2
7ff563491000-7ff563498000 r--p 0006c000 08:01 404125                     /usr/lib/x86_64-linux-gnu/libcups.so.2
7ff563498000-7ff563499000 rw-p 00073000 08:01 404125                     /usr/lib/x86_64-linux-gnu/libcups.so.2
7ff563499000-7ff5634a8000 r-xp 00000000 08:01 403957                     /usr/lib/x86_64-linux-gnu/libXi.so.6.1.0
7ff5634a8000-7ff5636a7000 ---p 0000f000 08:01 403957                     /usr/lib/x86_64-linux-gnu/libXi.so.6.1.0
7ff5636a7000-7ff5636a8000 r--p 0000e000 08:01 403957                     /usr/lib/x86_64-linux-gnu/libXi.so.6.1.0
7ff5636a8000-7ff5636a9000 rw-p 0000f000 08:01 403957                     /usr/lib/x86_64-linux-gnu/libXi.so.6.1.0
7ff5636a9000-7ff5636ae000 r-xp 00000000 08:01 403977                     /usr/lib/x86_64-linux-gnu/libXtst.so.6.1.0
7ff5636ae000-7ff5638ad000 ---p 00005000 08:01 403977                     /usr/lib/x86_64-linux-gnu/libXtst.so.6.1.0
7ff5638ad000-7ff5638ae000 r--p 00004000 08:01 403977                     /usr/lib/x86_64-linux-gnu/libXtst.so.6.1.0
7ff5638ae000-7ff5638af000 rw-p 00005000 08:01 403977                     /usr/lib/x86_64-linux-gnu/libXtst.so.6.1.0
7ff5638af000-7ff5638b8000 r-xp 00000000 08:01 403971                     /usr/lib/x86_64-linux-gnu/libXrender.so.1.3.0
7ff5638b8000-7ff563ab7000 ---p 00009000 08:01 403971                     /usr/lib/x86_64-linux-gnu/libXrender.so.1.3.0
7ff563ab7000-7ff563ab8000 r--p 00008000 08:01 403971                     /usr/lib/x86_64-linux-gnu/libXrender.so.1.3.0
7ff563ab8000-7ff563ab9000 rw-p 00009000 08:01 403971                     /usr/lib/x86_64-linux-gnu/libXrender.so.1.3.0
7ff563ab9000-7ff563be9000 r-xp 00000000 08:01 403932                     /usr/lib/x86_64-linux-gnu/libX11.so.6.3.0
7ff563be9000-7ff563de9000 ---p 00130000 08:01 403932                     /usr/lib/x86_64-linux-gnu/libX11.so.6.3.0
7ff563de9000-7ff563dea000 r--p 00130000 08:01 403932                     /usr/lib/x86_64-linux-gnu/libX11.so.6.3.0
7ff563dea000-7ff563dee000 rw-p 00131000 08:01 403932                     /usr/lib/x86_64-linux-gnu/libX11.so.6.3.0
7ff563dee000-7ff563dff000 r-xp 00000000 08:01 403949                     /usr/lib/x86_64-linux-gnu/libXext.so.6.4.0
7ff563dff000-7ff563ffe000 ---p 00011000 08:01 403949                     /usr/lib/x86_64-linux-gnu/libXext.so.6.4.0
7ff563ffe000-7ff563fff000 r--p 00010000 08:01 403949                     /usr/lib/x86_64-linux-gnu/libXext.so.6.4.0
7ff563fff000-7ff564000000 rw-p 00011000 08:01 403949                     /usr/lib/x86_64-linux-gnu/libXext.so.6.4.0
7ff564000000-7ff564102000 rw-p 00000000 00:00 0 
7ff564102000-7ff568000000 ---p 00000000 00:00 0 
7ff568000000-7ff568021000 rw-p 00000000 00:00 0 
7ff568021000-7ff56c000000 ---p 00000000 00:00 0 
7ff56c000000-7ff56c021000 rw-p 00000000 00:00 0 
7ff56c021000-7ff570000000 ---p 00000000 00:00 0 
7ff570000000-7ff5707a4000 rw-p 00000000 00:00 0 
7ff5707a4000-7ff574000000 ---p 00000000 00:00 0 
7ff574000000-7ff574021000 rw-p 00000000 00:00 0 
7ff574021000-7ff578000000 ---p 00000000 00:00 0 
7ff578000000-7ff578021000 rw-p 00000000 00:00 0 
7ff578021000-7ff57c000000 ---p 00000000 00:00 0 
7ff57c000000-7ff57c021000 rw-p 00000000 00:00 0 
7ff57c021000-7ff580000000 ---p 00000000 00:00 0 
7ff580000000-7ff580021000 rw-p 00000000 00:00 0 
7ff580021000-7ff584000000 ---p 00000000 00:00 0 
7ff584000000-7ff584021000 rw-p 00000000 00:00 0 
7ff584021000-7ff588000000 ---p 00000000 00:00 0 
7ff588026000-7ff588057000 rw-p 00000000 00:00 0 
7ff588057000-7ff588061000 r--s 000ae000 08:01 426100                     /usr/lib/jvm/java-7-openjdk-amd64/jre/lib/resources.jar
7ff588061000-7ff5880a9000 r-xp 00000000 08:01 426234                     /usr/lib/jvm/java-7-openjdk-amd64/jre/lib/amd64/xawt/libmawt.so
7ff5880a9000-7ff5882a8000 ---p 00048000 08:01 426234                     /usr/lib/jvm/java-7-openjdk-amd64/jre/lib/amd64/xawt/libmawt.so
7ff5882a8000-7ff5882a9000 r--p 00047000 08:01 426234                     /usr/lib/jvm/java-7-openjdk-amd64/jre/lib/amd64/xawt/libmawt.so
7ff5882a9000-7ff5882ac000 rw-p 00048000 08:01 426234                     /usr/lib/jvm/java-7-openjdk-amd64/jre/lib/amd64/xawt/libmawt.so
7ff5882ac000-7ff5882ad000 rw-p 00000000 00:00 0 
7ff5882ad000-7ff58834d000 r-xp 00000000 08:01 425819                     /usr/lib/jvm/java-7-openjdk-amd64/jre/lib/amd64/libawt.so
7ff58834d000-7ff58854d000 ---p 000a0000 08:01 425819                     /usr/lib/jvm/java-7-openjdk-amd64/jre/lib/amd64/libawt.so
7ff58854d000-7ff58854e000 r--p 000a0000 08:01 425819                     /usr/lib/jvm/java-7-openjdk-amd64/jre/lib/amd64/libawt.so
7ff58854e000-7ff588559000 rw-p 000a1000 08:01 425819                     /usr/lib/jvm/java-7-openjdk-amd64/jre/lib/amd64/libawt.so
7ff588559000-7ff58857e000 rw-p 00000000 00:00 0 
7ff58857e000-7ff58857f000 ---p 00000000 00:00 0 
7ff58857f000-7ff58867f000 rw-p 00000000 00:00 0                          [stack:17399]
7ff58867f000-7ff588682000 ---p 00000000 00:00 0 
7ff588682000-7ff588780000 rw-p 00000000 00:00 0                          [stack:17398]
7ff588780000-7ff588783000 ---p 00000000 00:00 0 
7ff588783000-7ff588881000 rw-p 00000000 00:00 0                          [stack:17397]
7ff588881000-7ff588884000 ---p 00000000 00:00 0 
7ff588884000-7ff588982000 rw-p 00000000 00:00 0                          [stack:17396]
7ff588982000-7ff588985000 ---p 00000000 00:00 0 
7ff588985000-7ff588a83000 rw-p 00000000 00:00 0                          [stack:17395]
7ff588a83000-7ff589165000 r--p 00000000 08:01 401793                     /usr/lib/locale/locale-archive
7ff589165000-7ff589168000 ---p 00000000 00:00 0 
7ff589168000-7ff589266000 rw-p 00000000 00:00 0                          [stack:17394]
7ff589266000-7ff589269000 ---p 00000000 00:00 0 
7ff589269000-7ff589367000 rw-p 00000000 00:00 0                          [stack:17393]
7ff589367000-7ff589368000 ---p 00000000 00:00 0 
7ff589368000-7ff589e1d000 rw-p 00000000 00:00 0                          [stack:17392]
7ff589e1d000-7ff589fcf000 r--s 01d30000 08:01 425808                     /usr/lib/jvm/java-7-openjdk-amd64/jre/lib/rt.jar
7ff589fcf000-7ff58bc40000 rw-p 00000000 00:00 0 
7ff58bc40000-7ff58bc41000 ---p 00000000 00:00 0 
7ff58bc41000-7ff58bd41000 rw-p 00000000 00:00 0                          [stack:17391]
7ff58bd41000-7ff58bd42000 ---p 00000000 00:00 0 
7ff58bd42000-7ff58be4d000 rw-p 00000000 00:00 0                          [stack:17390]
7ff58be4d000-7ff58be95000 rw-p 00000000 00:00 0 
7ff58be95000-7ff58be9f000 rw-p 00000000 00:00 0 
7ff58be9f000-7ff58bf73000 rw-p 00000000 00:00 0 
7ff58bf73000-7ff58c1e3000 rwxp 00000000 00:00 0 
7ff58c1e3000-7ff58ef73000 rw-p 00000000 00:00 0 
7ff58ef73000-7ff58ef7b000 r-xp 00000000 08:01 425818                     /usr/lib/jvm/java-7-openjdk-amd64/jre/lib/amd64/libzip.so
7ff58ef7b000-7ff58f17a000 ---p 00008000 08:01 425818                     /usr/lib/jvm/java-7-openjdk-amd64/jre/lib/amd64/libzip.so
7ff58f17a000-7ff58f17b000 r--p 00007000 08:01 425818                     /usr/lib/jvm/java-7-openjdk-amd64/jre/lib/amd64/libzip.so
7ff58f17b000-7ff58f17c000 rw-p 00008000 08:01 425818                     /usr/lib/jvm/java-7-openjdk-amd64/jre/lib/amd64/libzip.so
7ff58f17c000-7ff58f187000 r-xp 00000000 08:01 136104                     /lib/x86_64-linux-gnu/libnss_files-2.19.so
7ff58f187000-7ff58f386000 ---p 0000b000 08:01 136104                     /lib/x86_64-linux-gnu/libnss_files-2.19.so
7ff58f386000-7ff58f387000 r--p 0000a000 08:01 136104                     /lib/x86_64-linux-gnu/libnss_files-2.19.so
7ff58f387000-7ff58f388000 rw-p 0000b000 08:01 136104                     /lib/x86_64-linux-gnu/libnss_files-2.19.so
7ff58f388000-7ff58f393000 r-xp 00000000 08:01 136114                     /lib/x86_64-linux-gnu/libnss_nis-2.19.so
7ff58f393000-7ff58f592000 ---p 0000b000 08:01 136114                     /lib/x86_64-linux-gnu/libnss_nis-2.19.so
7ff58f592000-7ff58f593000 r--p 0000a000 08:01 136114                     /lib/x86_64-linux-gnu/libnss_nis-2.19.so
7ff58f593000-7ff58f594000 rw-p 0000b000 08:01 136114                     /lib/x86_64-linux-gnu/libnss_nis-2.19.so
7ff58f594000-7ff58f5ab000 r-xp 00000000 08:01 136098                     /lib/x86_64-linux-gnu/libnsl-2.19.so
7ff58f5ab000-7ff58f7aa000 ---p 00017000 08:01 136098                     /lib/x86_64-linux-gnu/libnsl-2.19.so
7ff58f7aa000-7ff58f7ab000 r--p 00016000 08:01 136098                     /lib/x86_64-linux-gnu/libnsl-2.19.so
7ff58f7ab000-7ff58f7ac000 rw-p 00017000 08:01 136098                     /lib/x86_64-linux-gnu/libnsl-2.19.so
7ff58f7ac000-7ff58f7ae000 rw-p 00000000 00:00 0 
7ff58f7ae000-7ff58f7b7000 r-xp 00000000 08:01 136100                     /lib/x86_64-linux-gnu/libnss_compat-2.19.so
7ff58f7b7000-7ff58f9b6000 ---p 00009000 08:01 136100                     /lib/x86_64-linux-gnu/libnss_compat-2.19.so
7ff58f9b6000-7ff58f9b7000 r--p 00008000 08:01 136100                     /lib/x86_64-linux-gnu/libnss_compat-2.19.so
7ff58f9b7000-7ff58f9b8000 rw-p 00009000 08:01 136100                     /lib/x86_64-linux-gnu/libnss_compat-2.19.so
7ff58f9b8000-7ff58f9e3000 r-xp 00000000 08:01 425826                     /usr/lib/jvm/java-7-openjdk-amd64/jre/lib/amd64/libjava.so
7ff58f9e3000-7ff58fbe3000 ---p 0002b000 08:01 425826                     /usr/lib/jvm/java-7-openjdk-amd64/jre/lib/amd64/libjava.so
7ff58fbe3000-7ff58fbe4000 r--p 0002b000 08:01 425826                     /usr/lib/jvm/java-7-openjdk-amd64/jre/lib/amd64/libjava.so
7ff58fbe4000-7ff58fbe6000 rw-p 0002c000 08:01 425826                     /usr/lib/jvm/java-7-openjdk-amd64/jre/lib/amd64/libjava.so
7ff58fbe6000-7ff58fbf6000 r-xp 00000000 08:01 426057                     /usr/lib/jvm/java-7-openjdk-amd64/jre/lib/amd64/libverify.so
7ff58fbf6000-7ff58fdf5000 ---p 00010000 08:01 426057                     /usr/lib/jvm/java-7-openjdk-amd64/jre/lib/amd64/libverify.so
7ff58fdf5000-7ff58fdf7000 r--p 0000f000 08:01 426057                     /usr/lib/jvm/java-7-openjdk-amd64/jre/lib/amd64/libverify.so
7ff58fdf7000-7ff58fdf8000 rw-p 00011000 08:01 426057                     /usr/lib/jvm/java-7-openjdk-amd64/jre/lib/amd64/libverify.so
7ff58fdf8000-7ff58fdff000 r-xp 00000000 08:01 136157                     /lib/x86_64-linux-gnu/librt-2.19.so
7ff58fdff000-7ff58fffe000 ---p 00007000 08:01 136157                     /lib/x86_64-linux-gnu/librt-2.19.so
7ff58fffe000-7ff58ffff000 r--p 00006000 08:01 136157                     /lib/x86_64-linux-gnu/librt-2.19.so
7ff58ffff000-7ff590000000 rw-p 00007000 08:01 136157                     /lib/x86_64-linux-gnu/librt-2.19.so
7ff590000000-7ff5902ca000 rw-p 00000000 00:00 0 
7ff5902ca000-7ff594000000 ---p 00000000 00:00 0 
7ff594008000-7ff59403b000 rw-p 00000000 00:00 0 
7ff59403b000-7ff594083000 rw-p 00000000 00:00 0 
7ff594083000-7ff59408d000 rw-p 00000000 00:00 0 
7ff59408d000-7ff594161000 rw-p 00000000 00:00 0 
7ff594161000-7ff594166000 rw-p 00000000 00:00 0 
7ff594166000-7ff5941d0000 rw-p 00000000 00:00 0 
7ff5941d0000-7ff5941d1000 rw-p 00000000 00:00 0 
7ff5941d1000-7ff5941e7000 r-xp 00000000 08:01 136056                     /lib/x86_64-linux-gnu/libgcc_s.so.1
7ff5941e7000-7ff5943e6000 ---p 00016000 08:01 136056                     /lib/x86_64-linux-gnu/libgcc_s.so.1
7ff5943e6000-7ff5943e7000 rw-p 00015000 08:01 136056                     /lib/x86_64-linux-gnu/libgcc_s.so.1
7ff5943e7000-7ff5944ec000 r-xp 00000000 08:01 136079                     /lib/x86_64-linux-gnu/libm-2.19.so
7ff5944ec000-7ff5946eb000 ---p 00105000 08:01 136079                     /lib/x86_64-linux-gnu/libm-2.19.so
7ff5946eb000-7ff5946ec000 r--p 00104000 08:01 136079                     /lib/x86_64-linux-gnu/libm-2.19.so
7ff5946ec000-7ff5946ed000 rw-p 00105000 08:01 136079                     /lib/x86_64-linux-gnu/libm-2.19.so
7ff5946ed000-7ff5947d3000 r-xp 00000000 08:01 404840                     /usr/lib/x86_64-linux-gnu/libstdc++.so.6.0.19
7ff5947d3000-7ff5949d2000 ---p 000e6000 08:01 404840                     /usr/lib/x86_64-linux-gnu/libstdc++.so.6.0.19
7ff5949d2000-7ff5949da000 r--p 000e5000 08:01 404840                     /usr/lib/x86_64-linux-gnu/libstdc++.so.6.0.19
7ff5949da000-7ff5949dc000 rw-p 000ed000 08:01 404840                     /usr/lib/x86_64-linux-gnu/libstdc++.so.6.0.19
7ff5949dc000-7ff5949f1000 rw-p 00000000 00:00 0 
7ff5949f1000-7ff595515000 r-xp 00000000 08:01 425832                     /usr/lib/jvm/java-7-openjdk-amd64/jre/lib/amd64/server/libjvm.so
7ff595515000-7ff595714000 ---p 00b24000 08:01 425832                     /usr/lib/jvm/java-7-openjdk-amd64/jre/lib/amd64/server/libjvm.so
7ff595714000-7ff5957ae000 r--p 00b23000 08:01 425832                     /usr/lib/jvm/java-7-openjdk-amd64/jre/lib/amd64/server/libjvm.so
7ff5957ae000-7ff5957d1000 rw-p 00bbd000 08:01 425832                     /usr/lib/jvm/java-7-openjdk-amd64/jre/lib/amd64/server/libjvm.so
7ff5957d1000-7ff5957ff000 rw-p 00000000 00:00 0 
7ff5957ff000-7ff595817000 r-xp 00000000 08:01 136192                     /lib/x86_64-linux-gnu/libz.so.1.2.8
7ff595817000-7ff595a16000 ---p 00018000 08:01 136192                     /lib/x86_64-linux-gnu/libz.so.1.2.8
7ff595a16000-7ff595a17000 r--p 00017000 08:01 136192                     /lib/x86_64-linux-gnu/libz.so.1.2.8
7ff595a17000-7ff595a18000 rw-p 00018000 08:01 136192                     /lib/x86_64-linux-gnu/libz.so.1.2.8
7ff595a18000-7ff595a31000 r-xp 00000000 08:01 136149                     /lib/x86_64-linux-gnu/libpthread-2.19.so
7ff595a31000-7ff595c30000 ---p 00019000 08:01 136149                     /lib/x86_64-linux-gnu/libpthread-2.19.so
7ff595c30000-7ff595c31000 r--p 00018000 08:01 136149                     /lib/x86_64-linux-gnu/libpthread-2.19.so
7ff595c31000-7ff595c32000 rw-p 00019000 08:01 136149                     /lib/x86_64-linux-gnu/libpthread-2.19.so
7ff595c32000-7ff595c36000 rw-p 00000000 00:00 0 
7ff595c36000-7ff595c39000 r-xp 00000000 08:01 136046                     /lib/x86_64-linux-gnu/libdl-2.19.so
7ff595c39000-7ff595e38000 ---p 00003000 08:01 136046                     /lib/x86_64-linux-gnu/libdl-2.19.so
7ff595e38000-7ff595e39000 r--p 00002000 08:01 136046                     /lib/x86_64-linux-gnu/libdl-2.19.so
7ff595e39000-7ff595e3a000 rw-p 00003000 08:01 136046                     /lib/x86_64-linux-gnu/libdl-2.19.so
7ff595e3a000-7ff595ff5000 r-xp 00000000 08:01 136029                     /lib/x86_64-linux-gnu/libc-2.19.so
7ff595ff5000-7ff5961f4000 ---p 001bb000 08:01 136029                     /lib/x86_64-linux-gnu/libc-2.19.so
7ff5961f4000-7ff5961f8000 r--p 001ba000 08:01 136029                     /lib/x86_64-linux-gnu/libc-2.19.so
7ff5961f8000-7ff5961fa000 rw-p 001be000 08:01 136029                     /lib/x86_64-linux-gnu/libc-2.19.so
7ff5961fa000-7ff5961ff000 rw-p 00000000 00:00 0 
7ff5961ff000-7ff59620c000 r-xp 00000000 08:01 426058                     /usr/lib/jvm/java-7-openjdk-amd64/jre/lib/amd64/jli/libjli.so
7ff59620c000-7ff59640b000 ---p 0000d000 08:01 426058                     /usr/lib/jvm/java-7-openjdk-amd64/jre/lib/amd64/jli/libjli.so
7ff59640b000-7ff59640c000 r--p 0000c000 08:01 426058                     /usr/lib/jvm/java-7-openjdk-amd64/jre/lib/amd64/jli/libjli.so
7ff59640c000-7ff59640d000 rw-p 0000d000 08:01 426058                     /usr/lib/jvm/java-7-openjdk-amd64/jre/lib/amd64/jli/libjli.so
7ff59640d000-7ff596430000 r-xp 00000000 08:01 136005                     /lib/x86_64-linux-gnu/ld-2.19.so
7ff596437000-7ff59643b000 r--s 00034000 08:01 425803                     /usr/lib/jvm/java-7-openjdk-amd64/jre/lib/ext/sunjce_provider.jar
7ff59643b000-7ff59643d000 r--s 00006000 08:01 682412                     /usr/share/java/java-atk-wrapper.jar
7ff59643d000-7ff596441000 r--s 00085000 08:01 425801                     /usr/lib/jvm/java-7-openjdk-amd64/jre/lib/ext/localedata.jar
7ff596441000-7ff59645c000 rw-p 00000000 00:00 0 
7ff59645c000-7ff596512000 rw-p 00000000 00:00 0 
7ff596512000-7ff596515000 ---p 00000000 00:00 0 
7ff596515000-7ff596618000 rw-p 00000000 00:00 0                          [stack:17386]
7ff596619000-7ff59661b000 r--s 00012000 08:01 425800                     /usr/lib/jvm/java-7-openjdk-amd64/jre/lib/ext/zipfs.jar
7ff59661b000-7ff59661c000 r--s 00002000 08:01 425805                     /usr/lib/jvm/java-7-openjdk-amd64/jre/lib/ext/dnsns.jar
7ff59661c000-7ff59661f000 r--s 0000f000 08:01 425802                     /usr/lib/jvm/java-7-openjdk-amd64/jre/lib/ext/icedtea-sound.jar
7ff59661f000-7ff596623000 r--s 0003c000 08:01 425804                     /usr/lib/jvm/java-7-openjdk-amd64/jre/lib/ext/sunpkcs11.jar
7ff596623000-7ff59662b000 rw-s 00000000 08:01 22877                      /tmp/hsperfdata_aszos/17383
7ff59662b000-7ff59662c000 rw-p 00000000 00:00 0 
7ff59662c000-7ff59662d000 r--p 00000000 00:00 0 
7ff59662d000-7ff59662f000 rw-p 00000000 00:00 0 
7ff59662f000-7ff596630000 r--p 00022000 08:01 136005                     /lib/x86_64-linux-gnu/ld-2.19.so
7ff596630000-7ff596631000 rw-p 00023000 08:01 136005                     /lib/x86_64-linux-gnu/ld-2.19.so
7ff596631000-7ff596632000 rw-p 00000000 00:00 0 
7ffe7c8bd000-7ffe7c8de000 rw-p 00000000 00:00 0                          [stack]
7ffe7c9dd000-7ffe7c9df000 r--p 00000000 00:00 0                          [vvar]
7ffe7c9df000-7ffe7c9e1000 r-xp 00000000 00:00 0                          [vdso]
ffffffffff600000-ffffffffff601000 r-xp 00000000 00:00 0                  [vsyscall]

VM Arguments:
jvm_args: -Dfile.encoding=UTF-8 
java_command: pitstop.Main
Launcher Type: SUN_STANDARD

Environment Variables:
PATH=/usr/local/sbin:/usr/local/bin:/usr/sbin:/usr/bin:/sbin:/bin:/usr/games:/usr/local/games
SHELL=/bin/bash
DISPLAY=:0.0

Signal Handlers:
SIGSEGV: [libjvm.so+0x954820], sa_mask[0]=0x7ffbfeff, sa_flags=0x10000004
SIGBUS: [libjvm.so+0x954820], sa_mask[0]=0x7ffbfeff, sa_flags=0x10000004
SIGFPE: [libjvm.so+0x7cb150], sa_mask[0]=0x7ffbfeff, sa_flags=0x10000004
SIGPIPE: [libjvm.so+0x7cb150], sa_mask[0]=0x7ffbfeff, sa_flags=0x10000004
SIGXFSZ: [libjvm.so+0x7cb150], sa_mask[0]=0x7ffbfeff, sa_flags=0x10000004
SIGILL: [libjvm.so+0x7cb150], sa_mask[0]=0x7ffbfeff, sa_flags=0x10000004
SIGUSR1: SIG_DFL, sa_mask[0]=0x00000000, sa_flags=0x00000000
SIGUSR2: [libjvm.so+0x7caff0], sa_mask[0]=0x00000004, sa_flags=0x10000004
SIGHUP: [libjvm.so+0x7cb1d0], sa_mask[0]=0x7ffbfeff, sa_flags=0x10000004
SIGINT: [libjvm.so+0x7cb1d0], sa_mask[0]=0x7ffbfeff, sa_flags=0x10000004
SIGTERM: [libjvm.so+0x7cb1d0], sa_mask[0]=0x7ffbfeff, sa_flags=0x10000004
SIGQUIT: [libjvm.so+0x7cb1d0], sa_mask[0]=0x7ffbfeff, sa_flags=0x10000004
SIGTRAP: SIG_DFL, sa_mask[0]=0x00000000, sa_flags=0x00000000


---------------  S Y S T E M  ---------------

OS:Ubuntu 14.04 (trusty)
uname:Linux 3.19.0-31-generic #36~14.04.1-Ubuntu SMP Thu Oct 8 10:21:08 UTC 2015 x86_64
libc:glibc 2.19 NPTL 2.19 
rlimit: STACK 8192k, CORE 0k, NPROC 7416, NOFILE 4096, AS infinity
load average:3.70 1.67 1.09

/proc/meminfo:
MemTotal:        1920068 kB
MemFree:          623920 kB
MemAvailable:     663712 kB
Buffers:           17588 kB
Cached:           293160 kB
SwapCached:        24636 kB
Active:           932424 kB
Inactive:         272520 kB
Active(anon):     812192 kB
Inactive(anon):   195620 kB
Active(file):     120232 kB
Inactive(file):    76900 kB
Unevictable:          16 kB
Mlocked:              16 kB
SwapTotal:       2034684 kB
SwapFree:        1650912 kB
Dirty:               800 kB
Writeback:             0 kB
AnonPages:        875232 kB
Mapped:           108664 kB
Shmem:            113560 kB
Slab:              50512 kB
SReclaimable:      23208 kB
SUnreclaim:        27304 kB
KernelStack:        5472 kB
PageTables:        12132 kB
NFS_Unstable:          0 kB
Bounce:                0 kB
WritebackTmp:          0 kB
CommitLimit:     2994716 kB
Committed_AS:    2947508 kB
VmallocTotal:   34359738367 kB
VmallocUsed:      344784 kB
VmallocChunk:   34359384540 kB
HardwareCorrupted:     0 kB
AnonHugePages:    325632 kB
CmaTotal:              0 kB
CmaFree:               0 kB
HugePages_Total:       0
HugePages_Free:        0
HugePages_Rsvd:        0
HugePages_Surp:        0
Hugepagesize:       2048 kB
DirectMap4k:       94696 kB
DirectMap2M:     1941504 kB
DirectMap1G:           0 kB


CPU:total 2 (2 cores per cpu, 1 threads per core) family 6 model 69 stepping 1, cmov, cx8, fxsr, mmx, sse, sse2, sse3, ssse3, sse4.1, sse4.2, popcnt, erms, tsc, tscinvbit

/proc/cpuinfo:
processor	: 0
vendor_id	: GenuineIntel
cpu family	: 6
model		: 69
model name	: Intel(R) Celeron(R) 2955U @ 1.40GHz
stepping	: 1
microcode	: 0x1c
cpu MHz		: 1400.000
cache size	: 2048 KB
physical id	: 0
siblings	: 2
core id		: 0
cpu cores	: 2
apicid		: 0
initial apicid	: 0
fpu		: yes
fpu_exception	: yes
cpuid level	: 13
wp		: yes
flags		: fpu vme de pse tsc msr pae mce cx8 apic sep mtrr pge mca cmov pat pse36 clflush dts acpi mmx fxsr sse sse2 ss ht tm pbe syscall nx pdpe1gb rdtscp lm constant_tsc arch_perfmon pebs bts rep_good nopl xtopology nonstop_tsc aperfmperf eagerfpu pni pclmulqdq dtes64 monitor ds_cpl vmx est tm2 ssse3 cx16 xtpr pdcm pcid sse4_1 sse4_2 movbe popcnt tsc_deadline_timer xsave rdrand lahf_lm abm arat epb pln pts dtherm tpr_shadow vnmi flexpriority ept vpid fsgsbase tsc_adjust erms invpcid xsaveopt
bugs		:
bogomips	: 2793.46
clflush size	: 64
cache_alignment	: 64
address sizes	: 39 bits physical, 48 bits virtual
power management:

processor	: 1
vendor_id	: GenuineIntel
cpu family	: 6
model		: 69
model name	: Intel(R) Celeron(R) 2955U @ 1.40GHz
stepping	: 1
microcode	: 0x1c
cpu MHz		: 1399.945
cache size	: 2048 KB
physical id	: 0
siblings	: 2
core id		: 1
cpu cores	: 2
apicid		: 2
initial apicid	: 2
fpu		: yes
fpu_exception	: yes
cpuid level	: 13
wp		: yes
flags		: fpu vme de pse tsc msr pae mce cx8 apic sep mtrr pge mca cmov pat pse36 clflush dts acpi mmx fxsr sse sse2 ss ht tm pbe syscall nx pdpe1gb rdtscp lm constant_tsc arch_perfmon pebs bts rep_good nopl xtopology nonstop_tsc aperfmperf eagerfpu pni pclmulqdq dtes64 monitor ds_cpl vmx est tm2 ssse3 cx16 xtpr pdcm pcid sse4_1 sse4_2 movbe popcnt tsc_deadline_timer xsave rdrand lahf_lm abm arat epb pln pts dtherm tpr_shadow vnmi flexpriority ept vpid fsgsbase tsc_adjust erms invpcid xsaveopt
bugs		:
bogomips	: 2793.46
clflush size	: 64
cache_alignment	: 64
address sizes	: 39 bits physical, 48 bits virtual
power management:



Memory: 4k page, physical 1920068k(624132k free), swap 2034684k(1673612k free)

vm_info: OpenJDK 64-Bit Server VM (24.85-b03) for linux-amd64 JRE (1.7.0_85-b01), built on Oct 22 2015 06:46:50 by "buildd" with gcc 4.8.2

time: Sat Oct 31 01:12:53 2015
elapsed time: 6118 seconds

